#
# There is insufficient memory for the Java Runtime Environment to continue.
# Native memory allocation (malloc) failed to allocate 17825792 bytes for committing reserved memory.
# Possible reasons:
#   The system is out of physical RAM or swap space
#   In 32 bit mode, the process size limit was hit
# Possible solutions:
#   Reduce memory load on the system
#   Increase physical memory or swap space
#   Check if swap backing store is full
#   Use 64 bit Java on a 64 bit OS
#   Decrease Java heap size (-Xmx/-Xms)
#   Decrease number of Java threads
#   Decrease Java thread stack sizes (-Xss)
#   Set larger code cache with -XX:ReservedCodeCacheSize=
# This output file may be truncated or incomplete.
#
#  Out of Memory Error (os_linux.cpp:2827), pid=23729, tid=140208078038784
#
# JRE version: OpenJDK Runtime Environment (7.0_131) (build 1.7.0_131-b00)
# Java VM: OpenJDK 64-Bit Server VM (24.131-b00 mixed mode linux-amd64 compressed oops)
# Derivative: IcedTea 2.6.9
# Distribution: Ubuntu 14.04 LTS, package 7u131-2.6.9-0ubuntu0.14.04.2
# Failed to write core dump. Core dumps have been disabled. To enable core dumping, try "ulimit -c unlimited" before starting Java again
#

---------------  T H R E A D  ---------------

Current thread (0x00007f84c00f8800):  VMThread [stack: 0x00007f84bc9fa000,0x00007f84bcafb000] [id=23733]

Stack: [0x00007f84bc9fa000,0x00007f84bcafb000],  sp=0x00007f84bcaf9490,  free space=1021k
Native frames: (J=compiled Java code, j=interpreted, Vv=VM code, C=native code)
V  [libjvm.so+0x95dab5]
V  [libjvm.so+0x497c14]
V  [libjvm.so+0x7d6bab]
V  [libjvm.so+0x7d156f]
V  [libjvm.so+0x84686b]
V  [libjvm.so+0x8476e0]
V  [libjvm.so+0x847dcb]
V  [libjvm.so+0x8437b8]
V  [libjvm.so+0x844028]
V  [libjvm.so+0x7f96c3]
V  [libjvm.so+0x95f4c4]
V  [libjvm.so+0x9635c7]
V  [libjvm.so+0x962088]
V  [libjvm.so+0x9624e9]
V  [libjvm.so+0x962932]
V  [libjvm.so+0x7d39a2]

VM_Operation (0x00007f84c83248f0): ParallelGCFailedAllocation, mode: safepoint, requested by thread 0x00007f84c000a000


---------------  P R O C E S S  ---------------

Java Threads: ( => current thread )
  0x00007f84c012a800 JavaThread "Service Thread" daemon [_thread_blocked, id=23739, stack(0x00007f84bc0ef000,0x00007f84bc1f0000)]
  0x00007f84c0128800 JavaThread "C2 CompilerThread1" daemon [_thread_blocked, id=23738, stack(0x00007f84bc1f0000,0x00007f84bc2f1000)]
  0x00007f84c0125800 JavaThread "C2 CompilerThread0" daemon [_thread_blocked, id=23737, stack(0x00007f84bc2f1000,0x00007f84bc3f2000)]
  0x00007f84c0123800 JavaThread "Signal Dispatcher" daemon [_thread_blocked, id=23736, stack(0x00007f84bc3f2000,0x00007f84bc4f3000)]
  0x00007f84c0100800 JavaThread "Finalizer" daemon [_thread_blocked, id=23735, stack(0x00007f84bc7f8000,0x00007f84bc8f9000)]
  0x00007f84c00fe800 JavaThread "Reference Handler" daemon [_thread_blocked, id=23734, stack(0x00007f84bc8f9000,0x00007f84bc9fa000)]
  0x00007f84c000a000 JavaThread "main" [_thread_blocked, id=23730, stack(0x00007f84c8227000,0x00007f84c8328000)]

Other Threads:
=>0x00007f84c00f8800 VMThread [stack: 0x00007f84bc9fa000,0x00007f84bcafb000] [id=23733]
  0x00007f84c0135800 WatcherThread [stack: 0x00007f84b64ff000,0x00007f84b6600000] [id=23740]

VM state:at safepoint (normal execution)

VM Mutex/Monitor currently owned by a thread:  ([mutex/lock_event])
[0x00007f84c0006490] Threads_lock - owner thread: 0x00007f84c00f8800
[0x00007f84c0006990] Heap_lock - owner thread: 0x00007f84c000a000

Heap
 PSYoungGen      total 18432K, used 1024K [0x00000000f2200000, 0x00000000f3500000, 0x0000000100000000)
  eden space 17408K, 0% used [0x00000000f2200000,0x00000000f2200000,0x00000000f3300000)
  from space 1024K, 100% used [0x00000000f3300000,0x00000000f3400000,0x00000000f3400000)
  to   space 1024K, 0% used [0x00000000f3400000,0x00000000f3400000,0x00000000f3500000)
 ParOldGen       total 20992K, used 7548K [0x00000000d6600000, 0x00000000d7a80000, 0x00000000f2200000)
  object space 20992K, 35% used [0x00000000d6600000,0x00000000d6d5f0b0,0x00000000d7a80000)
 PSPermGen       total 21504K, used 15777K [0x00000000cc000000, 0x00000000cd500000, 0x00000000d6600000)
  object space 21504K, 73% used [0x00000000cc000000,0x00000000ccf68680,0x00000000cd500000)

Card table byte_map: [0x00007f84c4ca6000,0x00007f84c4e47000] byte_map_base: 0x00007f84c4646000

Polling page: 0x00007f84c8339000

Code Cache  [0x00007f84bd000000, 0x00007f84bd270000, 0x00007f84c0000000)
 total_blobs=407 nmethods=86 adapters=274 free_code_cache=48547Kb largest_free_block=49692160

Compilation events (10 events):
Event: 8.292 Thread 0x00007f84c0125800   82             java.util.concurrent.ConcurrentHashMap$Segment::rehash (262 bytes)
Event: 8.352 Thread 0x00007f84c0128800   83             java.lang.reflect.Method::getReturnType (5 bytes)
Event: 8.509 Thread 0x00007f84c0128800 nmethod 83 0x00007f84bd095650 code [0x00007f84bd095780, 0x00007f84bd0957d8]
Event: 8.518 Thread 0x00007f84c0128800   84             java.lang.reflect.Method::getName (5 bytes)
Event: 8.519 Thread 0x00007f84c0125800 nmethod 82 0x00007f84bd0974d0 code [0x00007f84bd097640, 0x00007f84bd097b98]
Event: 8.524 Thread 0x00007f84c0125800   85             java.lang.Class$MethodArray::removeByNameAndSignature (71 bytes)
Event: 8.803 Thread 0x00007f84c0125800 nmethod 85 0x00007f84bd09ba50 code [0x00007f84bd09bbc0, 0x00007f84bd09bf48]
Event: 8.867 Thread 0x00007f84c0128800 nmethod 84 0x00007f84bd0972d0 code [0x00007f84bd097400, 0x00007f84bd097458]
Event: 10.272 Thread 0x00007f84c0125800   86             java.util.concurrent.locks.AbstractOwnableSynchronizer::setExclusiveOwnerThread (6 bytes)
Event: 10.523 Thread 0x00007f84c0125800 nmethod 86 0x00007f84bd09a0d0 code [0x00007f84bd09a200, 0x00007f84bd09a278]

GC Heap History (5 events):
Event: 2.385 GC heap before
{Heap before GC invocations=1 (full 0):
 PSYoungGen      total 9728K, used 8704K [0x00000000f2200000, 0x00000000f2c80000, 0x0000000100000000)
  eden space 8704K, 100% used [0x00000000f2200000,0x00000000f2a80000,0x00000000f2a80000)
  from space 1024K, 0% used [0x00000000f2b80000,0x00000000f2b80000,0x00000000f2c80000)
  to   space 1024K, 0% used [0x00000000f2a80000,0x00000000f2a80000,0x00000000f2b80000)
 ParOldGen       total 20992K, used 0K [0x00000000d6600000, 0x00000000d7a80000, 0x00000000f2200000)
  object space 20992K, 0% used [0x00000000d6600000,0x00000000d6600000,0x00000000d7a80000)
 PSPermGen       total 21504K, used 7416K [0x00000000cc000000, 0x00000000cd500000, 0x00000000d6600000)
  object space 21504K, 34% used [0x00000000cc000000,0x00000000cc73e3a0,0x00000000cd500000)
Event: 2.430 GC heap after
Heap after GC invocations=1 (full 0):
 PSYoungGen      total 9728K, used 992K [0x00000000f2200000, 0x00000000f3500000, 0x0000000100000000)
  eden space 8704K, 0% used [0x00000000f2200000,0x00000000f2200000,0x00000000f2a80000)
  from space 1024K, 96% used [0x00000000f2a80000,0x00000000f2b78020,0x00000000f2b80000)
  to   space 1024K, 0% used [0x00000000f3400000,0x00000000f3400000,0x00000000f3500000)
 ParOldGen       total 20992K, used 1642K [0x00000000d6600000, 0x00000000d7a80000, 0x00000000f2200000)
  object space 20992K, 7% used [0x00000000d6600000,0x00000000d679ab90,0x00000000d7a80000)
 PSPermGen       total 21504K, used 7416K [0x00000000cc000000, 0x00000000cd500000, 0x00000000d6600000)
  object space 21504K, 34% used [0x00000000cc000000,0x00000000cc73e3a0,0x00000000cd500000)
}
Event: 3.485 GC heap before
{Heap before GC invocations=2 (full 0):
 PSYoungGen      total 9728K, used 9696K [0x00000000f2200000, 0x00000000f3500000, 0x0000000100000000)
  eden space 8704K, 100% used [0x00000000f2200000,0x00000000f2a80000,0x00000000f2a80000)
  from space 1024K, 96% used [0x00000000f2a80000,0x00000000f2b78020,0x00000000f2b80000)
  to   space 1024K, 0% used [0x00000000f3400000,0x00000000f3400000,0x00000000f3500000)
 ParOldGen       total 20992K, used 1642K [0x00000000d6600000, 0x00000000d7a80000, 0x00000000f2200000)
  object space 20992K, 7% used [0x00000000d6600000,0x00000000d679ab90,0x00000000d7a80000)
 PSPermGen       total 21504K, used 11028K [0x00000000cc000000, 0x00000000cd500000, 0x00000000d6600000)
  object space 21504K, 51% used [0x00000000cc000000,0x00000000ccac5088,0x00000000cd500000)
Event: 3.545 GC heap after
Heap after GC invocations=2 (full 0):
 PSYoungGen      total 18432K, used 992K [0x00000000f2200000, 0x00000000f3500000, 0x0000000100000000)
  eden space 17408K, 0% used [0x00000000f2200000,0x00000000f2200000,0x00000000f3300000)
  from space 1024K, 96% used [0x00000000f3400000,0x00000000f34f8020,0x00000000f3500000)
  to   space 1024K, 0% used [0x00000000f3300000,0x00000000f3300000,0x00000000f3400000)
 ParOldGen       total 20992K, used 3653K [0x00000000d6600000, 0x00000000d7a80000, 0x00000000f2200000)
  object space 20992K, 17% used [0x00000000d6600000,0x00000000d6991760,0x00000000d7a80000)
 PSPermGen       total 21504K, used 11028K [0x00000000cc000000, 0x00000000cd500000, 0x00000000d6600000)
  object space 21504K, 51% used [0x00000000cc000000,0x00000000ccac5088,0x00000000cd500000)
}
Event: 11.324 GC heap before
{Heap before GC invocations=3 (full 0):
 PSYoungGen      total 18432K, used 18400K [0x00000000f2200000, 0x00000000f3500000, 0x0000000100000000)
  eden space 17408K, 100% used [0x00000000f2200000,0x00000000f3300000,0x00000000f3300000)
  from space 1024K, 96% used [0x00000000f3400000,0x00000000f34f8020,0x00000000f3500000)
  to   space 1024K, 0% used [0x00000000f3300000,0x00000000f3300000,0x00000000f3400000)
 ParOldGen       total 20992K, used 3653K [0x00000000d6600000, 0x00000000d7a80000, 0x00000000f2200000)
  object space 20992K, 17% used [0x00000000d6600000,0x00000000d6991760,0x00000000d7a80000)
 PSPermGen       total 21504K, used 15777K [0x00000000cc000000, 0x00000000cd500000, 0x00000000d6600000)
  object space 21504K, 73% used [0x00000000cc000000,0x00000000ccf68680,0x00000000cd500000)

Deoptimization events (10 events):
Event: 1.035 Thread 0x00007f84c000a000 Uncommon trap: reason=unstable_if action=reinterpret pc=0x00007f84bd060a8c method=java.lang.String.hashCode()I @ 14
Event: 1.619 Thread 0x00007f84c000a000 Uncommon trap: reason=unstable_if action=reinterpret pc=0x00007f84bd06d668 method=java.lang.String.indexOf([CII[CIII)I @ 3
Event: 2.333 Thread 0x00007f84c000a000 Uncommon trap: reason=null_check action=make_not_entrant pc=0x00007f84bd076bd8 method=java.util.jar.Attributes.putValue(Ljava/lang/String;Ljava/lang/String;)Ljava/lang/String; @ 13
Event: 2.518 Thread 0x00007f84c000a000 Uncommon trap: reason=unstable_if action=reinterpret pc=0x00007f84bd061ca4 method=java.util.Properties$LineReader.readLine()I @ 369
Event: 3.824 Thread 0x00007f84c000a000 Uncommon trap: reason=unstable_if action=reinterpret pc=0x00007f84bd084254 method=java.util.HashMap.getEntry(Ljava/lang/Object;)Ljava/util/HashMap$Entry; @ 71
Event: 3.825 Thread 0x00007f84c000a000 Uncommon trap: reason=class_check action=maybe_recompile pc=0x00007f84bd085530 method=java.util.HashMap.put(Ljava/lang/Object;Ljava/lang/Object;)Ljava/lang/Object; @ 83
Event: 3.827 Thread 0x00007f84c000a000 Uncommon trap: reason=class_check action=maybe_recompile pc=0x00007f84bd085530 method=java.util.HashMap.put(Ljava/lang/Object;Ljava/lang/Object;)Ljava/lang/Object; @ 83
Event: 3.829 Thread 0x00007f84c000a000 Uncommon trap: reason=class_check action=maybe_recompile pc=0x00007f84bd085530 method=java.util.HashMap.put(Ljava/lang/Object;Ljava/lang/Object;)Ljava/lang/Object; @ 83
Event: 3.829 Thread 0x00007f84c000a000 Uncommon trap: reason=class_check action=maybe_recompile pc=0x00007f84bd085530 method=java.util.HashMap.put(Ljava/lang/Object;Ljava/lang/Object;)Ljava/lang/Object; @ 83
Event: 4.720 Thread 0x00007f84c000a000 Uncommon trap: reason=unstable_if action=reinterpret pc=0x00007f84bd06ce20 method=java.lang.String.replace(CC)Ljava/lang/String; @ 26

Internal exceptions (10 events):
Event: 10.722 Thread 0x00007f84c000a000 Threw 0x00000000f32be838 at /build/openjdk-7-63j_i_/openjdk-7-7u131-2.6.9/build/openjdk/hotspot/src/share/vm/prims/jvm.cpp:1322
Event: 10.722 Thread 0x00007f84c000a000 Threw 0x00000000f32bfb48 at /build/openjdk-7-63j_i_/openjdk-7-7u131-2.6.9/build/openjdk/hotspot/src/share/vm/prims/jvm.cpp:1322
Event: 10.723 Thread 0x00007f84c000a000 Threw 0x00000000f32c0110 at /build/openjdk-7-63j_i_/openjdk-7-7u131-2.6.9/build/openjdk/hotspot/src/share/vm/prims/jvm.cpp:1322
Event: 10.725 Thread 0x00007f84c000a000 Threw 0x00000000f32c1838 at /build/openjdk-7-63j_i_/openjdk-7-7u131-2.6.9/build/openjdk/hotspot/src/share/vm/prims/jvm.cpp:1322
Event: 10.758 Thread 0x00007f84c000a000 Threw 0x00000000f32cba58 at /build/openjdk-7-63j_i_/openjdk-7-7u131-2.6.9/build/openjdk/hotspot/src/share/vm/prims/jvm.cpp:1322
Event: 10.883 Thread 0x00007f84c000a000 Threw 0x00000000f32d6368 at /build/openjdk-7-63j_i_/openjdk-7-7u131-2.6.9/build/openjdk/hotspot/src/share/vm/prims/jvm.cpp:1322
Event: 10.908 Thread 0x00007f84c000a000 Threw 0x00000000f32dfa20 at /build/openjdk-7-63j_i_/openjdk-7-7u131-2.6.9/build/openjdk/hotspot/src/share/vm/prims/jvm.cpp:1322
Event: 10.939 Thread 0x00007f84c000a000 Threw 0x00000000f32eb328 at /build/openjdk-7-63j_i_/openjdk-7-7u131-2.6.9/build/openjdk/hotspot/src/share/vm/prims/jvm.cpp:1322
Event: 11.076 Thread 0x00007f84c000a000 Threw 0x00000000f32f61d0 at /build/openjdk-7-63j_i_/openjdk-7-7u131-2.6.9/build/openjdk/hotspot/src/share/vm/prims/jvm.cpp:1322
Event: 11.105 Thread 0x00007f84c000a000 Threw 0x00000000f32fc4d0 at /build/openjdk-7-63j_i_/openjdk-7-7u131-2.6.9/build/openjdk/hotspot/src/share/vm/prims/jvm.cpp:1322

Events (10 events):
Event: 10.881 loading class 0x00007f84c0508570 done
Event: 10.905 loading class 0x00007f84c0508cc0
Event: 10.906 loading class 0x00007f84c0508cc0 done
Event: 10.935 loading class 0x00007f84c02432d0
Event: 10.937 loading class 0x00007f84c02432d0 done
Event: 11.071 loading class 0x00007f84c023f970
Event: 11.071 loading class 0x00007f84c023f970 done
Event: 11.091 loading class 0x00007f84c05085d0
Event: 11.092 loading class 0x00007f84c05085d0 done
Event: 11.320 Executing VM operation: ParallelGCFailedAllocation


Dynamic libraries:
00400000-00401000 r-xp 00000000 fd:01 919771                             /usr/lib/jvm/java-7-openjdk-amd64/jre/bin/java
00600000-00601000 r--p 00000000 fd:01 919771                             /usr/lib/jvm/java-7-openjdk-amd64/jre/bin/java
00601000-00602000 rw-p 00001000 fd:01 919771                             /usr/lib/jvm/java-7-openjdk-amd64/jre/bin/java
02001000-02022000 rw-p 00000000 00:00 0                                  [heap]
cc000000-cd500000 rw-p 00000000 00:00 0 
cd500000-d6600000 rw-p 00000000 00:00 0 
d6600000-d7a80000 rw-p 00000000 00:00 0 
d7a80000-f2200000 rw-p 00000000 00:00 0 
f2200000-f3500000 rw-p 00000000 00:00 0 
f4600000-100000000 rw-p 00000000 00:00 0 
7f848c000000-7f848c021000 rw-p 00000000 00:00 0 
7f848c021000-7f8490000000 ---p 00000000 00:00 0 
7f8494000000-7f8494356000 rw-p 00000000 00:00 0 
7f8494356000-7f8498000000 ---p 00000000 00:00 0 
7f8498000000-7f8498021000 rw-p 00000000 00:00 0 
7f8498021000-7f849c000000 ---p 00000000 00:00 0 
7f849c000000-7f849c021000 rw-p 00000000 00:00 0 
7f849c021000-7f84a0000000 ---p 00000000 00:00 0 
7f84a0000000-7f84a01c4000 rw-p 00000000 00:00 0 
7f84a01c4000-7f84a4000000 ---p 00000000 00:00 0 
7f84a4000000-7f84a4021000 rw-p 00000000 00:00 0 
7f84a4021000-7f84a8000000 ---p 00000000 00:00 0 
7f84a8000000-7f84a8021000 rw-p 00000000 00:00 0 
7f84a8021000-7f84ac000000 ---p 00000000 00:00 0 
7f84ac000000-7f84ac021000 rw-p 00000000 00:00 0 
7f84ac021000-7f84b0000000 ---p 00000000 00:00 0 
7f84b0000000-7f84b0021000 rw-p 00000000 00:00 0 
7f84b0021000-7f84b4000000 ---p 00000000 00:00 0 
7f84b4a1f000-7f84b4a2f000 r-xp 00000000 fd:01 919690                     /usr/lib/jvm/java-7-openjdk-amd64/jre/lib/amd64/libnio.so
7f84b4a2f000-7f84b4c2f000 ---p 00010000 fd:01 919690                     /usr/lib/jvm/java-7-openjdk-amd64/jre/lib/amd64/libnio.so
7f84b4c2f000-7f84b4c30000 r--p 00010000 fd:01 919690                     /usr/lib/jvm/java-7-openjdk-amd64/jre/lib/amd64/libnio.so
7f84b4c30000-7f84b4c31000 rw-p 00011000 fd:01 919690                     /usr/lib/jvm/java-7-openjdk-amd64/jre/lib/amd64/libnio.so
7f84b4c31000-7f84b4c6e000 r-xp 00000000 fd:01 1046445                    /lib/x86_64-linux-gnu/libpcre.so.3.13.1
7f84b4c6e000-7f84b4e6d000 ---p 0003d000 fd:01 1046445                    /lib/x86_64-linux-gnu/libpcre.so.3.13.1
7f84b4e6d000-7f84b4e6e000 r--p 0003c000 fd:01 1046445                    /lib/x86_64-linux-gnu/libpcre.so.3.13.1
7f84b4e6e000-7f84b4e6f000 rw-p 0003d000 fd:01 1046445                    /lib/x86_64-linux-gnu/libpcre.so.3.13.1
7f84b4e6f000-7f84b4e76000 r-xp 00000000 fd:01 918286                     /usr/lib/x86_64-linux-gnu/libffi.so.6.0.1
7f84b4e76000-7f84b5075000 ---p 00007000 fd:01 918286                     /usr/lib/x86_64-linux-gnu/libffi.so.6.0.1
7f84b5075000-7f84b5076000 r--p 00006000 fd:01 918286                     /usr/lib/x86_64-linux-gnu/libffi.so.6.0.1
7f84b5076000-7f84b5077000 rw-p 00007000 fd:01 918286                     /usr/lib/x86_64-linux-gnu/libffi.so.6.0.1
7f84b5077000-7f84b508e000 r-xp 00000000 fd:01 1044583                    /lib/x86_64-linux-gnu/libresolv-2.19.so
7f84b508e000-7f84b528e000 ---p 00017000 fd:01 1044583                    /lib/x86_64-linux-gnu/libresolv-2.19.so
7f84b528e000-7f84b528f000 r--p 00017000 fd:01 1044583                    /lib/x86_64-linux-gnu/libresolv-2.19.so
7f84b528f000-7f84b5290000 rw-p 00018000 fd:01 1044583                    /lib/x86_64-linux-gnu/libresolv-2.19.so
7f84b5290000-7f84b5292000 rw-p 00000000 00:00 0 
7f84b5292000-7f84b52b2000 r-xp 00000000 fd:01 1044503                    /lib/x86_64-linux-gnu/libselinux.so.1
7f84b52b2000-7f84b54b1000 ---p 00020000 fd:01 1044503                    /lib/x86_64-linux-gnu/libselinux.so.1
7f84b54b1000-7f84b54b2000 r--p 0001f000 fd:01 1044503                    /lib/x86_64-linux-gnu/libselinux.so.1
7f84b54b2000-7f84b54b3000 rw-p 00020000 fd:01 1044503                    /lib/x86_64-linux-gnu/libselinux.so.1
7f84b54b3000-7f84b54b5000 rw-p 00000000 00:00 0 
7f84b54b5000-7f84b54b8000 r-xp 00000000 fd:01 915317                     /usr/lib/x86_64-linux-gnu/libgmodule-2.0.so.0.4002.0
7f84b54b8000-7f84b56b7000 ---p 00003000 fd:01 915317                     /usr/lib/x86_64-linux-gnu/libgmodule-2.0.so.0.4002.0
7f84b56b7000-7f84b56b8000 r--p 00002000 fd:01 915317                     /usr/lib/x86_64-linux-gnu/libgmodule-2.0.so.0.4002.0
7f84b56b8000-7f84b56b9000 rw-p 00003000 fd:01 915317                     /usr/lib/x86_64-linux-gnu/libgmodule-2.0.so.0.4002.0
7f84b56b9000-7f84b57bf000 r-xp 00000000 fd:01 1047762                    /lib/x86_64-linux-gnu/libglib-2.0.so.0.4002.0
7f84b57bf000-7f84b59be000 ---p 00106000 fd:01 1047762                    /lib/x86_64-linux-gnu/libglib-2.0.so.0.4002.0
7f84b59be000-7f84b59bf000 r--p 00105000 fd:01 1047762                    /lib/x86_64-linux-gnu/libglib-2.0.so.0.4002.0
7f84b59bf000-7f84b59c0000 rw-p 00106000 fd:01 1047762                    /lib/x86_64-linux-gnu/libglib-2.0.so.0.4002.0
7f84b59c0000-7f84b59c1000 rw-p 00000000 00:00 0 
7f84b59c1000-7f84b5a10000 r-xp 00000000 fd:01 915318                     /usr/lib/x86_64-linux-gnu/libgobject-2.0.so.0.4002.0
7f84b5a10000-7f84b5c10000 ---p 0004f000 fd:01 915318                     /usr/lib/x86_64-linux-gnu/libgobject-2.0.so.0.4002.0
7f84b5c10000-7f84b5c11000 r--p 0004f000 fd:01 915318                     /usr/lib/x86_64-linux-gnu/libgobject-2.0.so.0.4002.0
7f84b5c11000-7f84b5c12000 rw-p 00050000 fd:01 915318                     /usr/lib/x86_64-linux-gnu/libgobject-2.0.so.0.4002.0
7f84b5c12000-7f84b5d7e000 r-xp 00000000 fd:01 915320                     /usr/lib/x86_64-linux-gnu/libgio-2.0.so.0.4002.0
7f84b5d7e000-7f84b5f7d000 ---p 0016c000 fd:01 915320                     /usr/lib/x86_64-linux-gnu/libgio-2.0.so.0.4002.0
7f84b5f7d000-7f84b5f81000 r--p 0016b000 fd:01 915320                     /usr/lib/x86_64-linux-gnu/libgio-2.0.so.0.4002.0
7f84b5f81000-7f84b5f83000 rw-p 0016f000 fd:01 915320                     /usr/lib/x86_64-linux-gnu/libgio-2.0.so.0.4002.0
7f84b5f83000-7f84b5f85000 rw-p 00000000 00:00 0 
7f84b5f85000-7f84b5f9c000 r-xp 00000000 fd:01 919717                     /usr/lib/jvm/java-7-openjdk-amd64/jre/lib/amd64/libnet.so
7f84b5f9c000-7f84b619b000 ---p 00017000 fd:01 919717                     /usr/lib/jvm/java-7-openjdk-amd64/jre/lib/amd64/libnet.so
7f84b619b000-7f84b619c000 r--p 00016000 fd:01 919717                     /usr/lib/jvm/java-7-openjdk-amd64/jre/lib/amd64/libnet.so
7f84b619c000-7f84b619d000 rw-p 00017000 fd:01 919717                     /usr/lib/jvm/java-7-openjdk-amd64/jre/lib/amd64/libnet.so
7f84b619d000-7f84b64ff000 r--s 04cee000 fd:01 785414                     /root/qbpython/DailyCheck/src/RunBuildpid.jar
7f84b64ff000-7f84b6500000 ---p 00000000 00:00 0 
7f84b6500000-7f84b8000000 rw-p 00000000 00:00 0 
7f84b8000000-7f84b8021000 rw-p 00000000 00:00 0 
7f84b8021000-7f84bc000000 ---p 00000000 00:00 0 
7f84bc0ef000-7f84bc0f2000 ---p 00000000 00:00 0 
7f84bc0f2000-7f84bc1f0000 rw-p 00000000 00:00 0 
7f84bc1f0000-7f84bc1f3000 ---p 00000000 00:00 0 
7f84bc1f3000-7f84bc2f1000 rw-p 00000000 00:00 0 
7f84bc2f1000-7f84bc2f4000 ---p 00000000 00:00 0 
7f84bc2f4000-7f84bc3f2000 rw-p 00000000 00:00 0 
7f84bc3f2000-7f84bc3f5000 ---p 00000000 00:00 0 
7f84bc3f5000-7f84bc4f3000 rw-p 00000000 00:00 0 
7f84bc4f3000-7f84bc7f8000 r--p 00000000 fd:01 914072                     /usr/lib/locale/locale-archive
7f84bc7f8000-7f84bc7fb000 ---p 00000000 00:00 0 
7f84bc7fb000-7f84bc8f9000 rw-p 00000000 00:00 0 
7f84bc8f9000-7f84bc8fc000 ---p 00000000 00:00 0 
7f84bc8fc000-7f84bc9fa000 rw-p 00000000 00:00 0 
7f84bc9fa000-7f84bc9fb000 ---p 00000000 00:00 0 
7f84bc9fb000-7f84bd000000 rw-p 00000000 00:00 0 
7f84bd000000-7f84bd270000 rwxp 00000000 00:00 0 
7f84bd270000-7f84c052c000 rw-p 00000000 00:00 0 
7f84c052c000-7f84c4000000 ---p 00000000 00:00 0 
7f84c40f5000-7f84c40ff000 r--s 000ae000 fd:01 919681                     /usr/lib/jvm/java-7-openjdk-amd64/jre/lib/resources.jar
7f84c40ff000-7f84c454d000 rw-p 00000000 00:00 0 
7f84c454d000-7f84c4702000 r--s 01d5d000 fd:01 918207                     /usr/lib/jvm/java-7-openjdk-amd64/jre/lib/rt.jar
7f84c4702000-7f84c4973000 rw-p 00000000 00:00 0 
7f84c4973000-7f84c4974000 ---p 00000000 00:00 0 
7f84c4974000-7f84c4a74000 rw-p 00000000 00:00 0 
7f84c4a74000-7f84c4a75000 ---p 00000000 00:00 0 
7f84c4a75000-7f84c4b80000 rw-p 00000000 00:00 0 
7f84c4b80000-7f84c4bc8000 rw-p 00000000 00:00 0 
7f84c4bc8000-7f84c4bd3000 rw-p 00000000 00:00 0 
7f84c4bd3000-7f84c4ca6000 rw-p 00000000 00:00 0 
7f84c4ca6000-7f84c4cb1000 rw-p 00000000 00:00 0 
7f84c4cb1000-7f84c4cf9000 rw-p 00000000 00:00 0 
7f84c4cf9000-7f84c4d04000 rw-p 00000000 00:00 0 
7f84c4d04000-7f84c4dd7000 rw-p 00000000 00:00 0 
7f84c4dd7000-7f84c4de1000 rw-p 00000000 00:00 0 
7f84c4de1000-7f84c4e46000 rw-p 00000000 00:00 0 
7f84c4e46000-7f84c4e47000 rw-p 00000000 00:00 0 
7f84c4e47000-7f84c4e4f000 r-xp 00000000 fd:01 919726                     /usr/lib/jvm/java-7-openjdk-amd64/jre/lib/amd64/libzip.so
7f84c4e4f000-7f84c504e000 ---p 00008000 fd:01 919726                     /usr/lib/jvm/java-7-openjdk-amd64/jre/lib/amd64/libzip.so
7f84c504e000-7f84c504f000 r--p 00007000 fd:01 919726                     /usr/lib/jvm/java-7-openjdk-amd64/jre/lib/amd64/libzip.so
7f84c504f000-7f84c5050000 rw-p 00008000 fd:01 919726                     /usr/lib/jvm/java-7-openjdk-amd64/jre/lib/amd64/libzip.so
7f84c5050000-7f84c505a000 r-xp 00000000 fd:01 1046474                    /lib/x86_64-linux-gnu/libnss_files-2.19.so
7f84c505a000-7f84c5259000 ---p 0000a000 fd:01 1046474                    /lib/x86_64-linux-gnu/libnss_files-2.19.so
7f84c5259000-7f84c525a000 r--p 00009000 fd:01 1046474                    /lib/x86_64-linux-gnu/libnss_files-2.19.so
7f84c525a000-7f84c525b000 rw-p 0000a000 fd:01 1046474                    /lib/x86_64-linux-gnu/libnss_files-2.19.so
7f84c525b000-7f84c5266000 r-xp 00000000 fd:01 1046464                    /lib/x86_64-linux-gnu/libnss_nis-2.19.so
7f84c5266000-7f84c5465000 ---p 0000b000 fd:01 1046464                    /lib/x86_64-linux-gnu/libnss_nis-2.19.so
7f84c5465000-7f84c5466000 r--p 0000a000 fd:01 1046464                    /lib/x86_64-linux-gnu/libnss_nis-2.19.so
7f84c5466000-7f84c5467000 rw-p 0000b000 fd:01 1046464                    /lib/x86_64-linux-gnu/libnss_nis-2.19.so
7f84c5467000-7f84c547e000 r-xp 00000000 fd:01 1046460                    /lib/x86_64-linux-gnu/libnsl-2.19.so
7f84c547e000-7f84c567d000 ---p 00017000 fd:01 1046460                    /lib/x86_64-linux-gnu/libnsl-2.19.so
7f84c567d000-7f84c567e000 r--p 00016000 fd:01 1046460                    /lib/x86_64-linux-gnu/libnsl-2.19.so
7f84c567e000-7f84c567f000 rw-p 00017000 fd:01 1046460                    /lib/x86_64-linux-gnu/libnsl-2.19.so
7f84c567f000-7f84c5681000 rw-p 00000000 00:00 0 
7f84c5681000-7f84c568a000 r-xp 00000000 fd:01 1046457                    /lib/x86_64-linux-gnu/libnss_compat-2.19.so
7f84c568a000-7f84c5889000 ---p 00009000 fd:01 1046457                    /lib/x86_64-linux-gnu/libnss_compat-2.19.so
7f84c5889000-7f84c588a000 r--p 00008000 fd:01 1046457                    /lib/x86_64-linux-gnu/libnss_compat-2.19.so
7f84c588a000-7f84c588b000 rw-p 00009000 fd:01 1046457                    /lib/x86_64-linux-gnu/libnss_compat-2.19.so
7f84c588b000-7f84c58b5000 r-xp 00000000 fd:01 919699                     /usr/lib/jvm/java-7-openjdk-amd64/jre/lib/amd64/libjava.so
7f84c58b5000-7f84c5ab5000 ---p 0002a000 fd:01 919699                     /usr/lib/jvm/java-7-openjdk-amd64/jre/lib/amd64/libjava.so
7f84c5ab5000-7f84c5ab6000 r--p 0002a000 fd:01 919699                     /usr/lib/jvm/java-7-openjdk-amd64/jre/lib/amd64/libjava.so
7f84c5ab6000-7f84c5ab8000 rw-p 0002b000 fd:01 919699                     /usr/lib/jvm/java-7-openjdk-amd64/jre/lib/amd64/libjava.so
7f84c5ab8000-7f84c5ac8000 r-xp 00000000 fd:01 919725                     /usr/lib/jvm/java-7-openjdk-amd64/jre/lib/amd64/libverify.so
7f84c5ac8000-7f84c5cc7000 ---p 00010000 fd:01 919725                     /usr/lib/jvm/java-7-openjdk-amd64/jre/lib/amd64/libverify.so
7f84c5cc7000-7f84c5cc9000 r--p 0000f000 fd:01 919725                     /usr/lib/jvm/java-7-openjdk-amd64/jre/lib/amd64/libverify.so
7f84c5cc9000-7f84c5cca000 rw-p 00011000 fd:01 919725                     /usr/lib/jvm/java-7-openjdk-amd64/jre/lib/amd64/libverify.so
7f84c5cca000-7f84c5cd1000 r-xp 00000000 fd:01 1046469                    /lib/x86_64-linux-gnu/librt-2.19.so
7f84c5cd1000-7f84c5ed0000 ---p 00007000 fd:01 1046469                    /lib/x86_64-linux-gnu/librt-2.19.so
7f84c5ed0000-7f84c5ed1000 r--p 00006000 fd:01 1046469                    /lib/x86_64-linux-gnu/librt-2.19.so
7f84c5ed1000-7f84c5ed2000 rw-p 00007000 fd:01 1046469                    /lib/x86_64-linux-gnu/librt-2.19.so
7f84c5ed2000-7f84c5ee8000 r-xp 00000000 fd:01 1044501                    /lib/x86_64-linux-gnu/libgcc_s.so.1
7f84c5ee8000-7f84c60e7000 ---p 00016000 fd:01 1044501                    /lib/x86_64-linux-gnu/libgcc_s.so.1
7f84c60e7000-7f84c60e8000 rw-p 00015000 fd:01 1044501                    /lib/x86_64-linux-gnu/libgcc_s.so.1
7f84c60e8000-7f84c61ed000 r-xp 00000000 fd:01 1046450                    /lib/x86_64-linux-gnu/libm-2.19.so
7f84c61ed000-7f84c63ec000 ---p 00105000 fd:01 1046450                    /lib/x86_64-linux-gnu/libm-2.19.so
7f84c63ec000-7f84c63ed000 r--p 00104000 fd:01 1046450                    /lib/x86_64-linux-gnu/libm-2.19.so
7f84c63ed000-7f84c63ee000 rw-p 00105000 fd:01 1046450                    /lib/x86_64-linux-gnu/libm-2.19.so
7f84c63ee000-7f84c64d4000 r-xp 00000000 fd:01 915519                     /usr/lib/x86_64-linux-gnu/libstdc++.so.6.0.19
7f84c64d4000-7f84c66d3000 ---p 000e6000 fd:01 915519                     /usr/lib/x86_64-linux-gnu/libstdc++.so.6.0.19
7f84c66d3000-7f84c66db000 r--p 000e5000 fd:01 915519                     /usr/lib/x86_64-linux-gnu/libstdc++.so.6.0.19
7f84c66db000-7f84c66dd000 rw-p 000ed000 fd:01 915519                     /usr/lib/x86_64-linux-gnu/libstdc++.so.6.0.19
7f84c66dd000-7f84c66f2000 rw-p 00000000 00:00 0 
7f84c66f2000-7f84c7220000 r-xp 00000000 fd:01 919733                     /usr/lib/jvm/java-7-openjdk-amd64/jre/lib/amd64/server/libjvm.so
7f84c7220000-7f84c7420000 ---p 00b2e000 fd:01 919733                     /usr/lib/jvm/java-7-openjdk-amd64/jre/lib/amd64/server/libjvm.so
7f84c7420000-7f84c74ba000 r--p 00b2e000 fd:01 919733                     /usr/lib/jvm/java-7-openjdk-amd64/jre/lib/amd64/server/libjvm.so
7f84c74ba000-7f84c74dd000 rw-p 00bc8000 fd:01 919733                     /usr/lib/jvm/java-7-openjdk-amd64/jre/lib/amd64/server/libjvm.so
7f84c74dd000-7f84c750c000 rw-p 00000000 00:00 0 
7f84c750c000-7f84c7524000 r-xp 00000000 fd:01 1044729                    /lib/x86_64-linux-gnu/libz.so.1.2.8
7f84c7524000-7f84c7723000 ---p 00018000 fd:01 1044729                    /lib/x86_64-linux-gnu/libz.so.1.2.8
7f84c7723000-7f84c7724000 r--p 00017000 fd:01 1044729                    /lib/x86_64-linux-gnu/libz.so.1.2.8
7f84c7724000-7f84c7725000 rw-p 00018000 fd:01 1044729                    /lib/x86_64-linux-gnu/libz.so.1.2.8
7f84c7725000-7f84c773e000 r-xp 00000000 fd:01 1046461                    /lib/x86_64-linux-gnu/libpthread-2.19.so
7f84c773e000-7f84c793d000 ---p 00019000 fd:01 1046461                    /lib/x86_64-linux-gnu/libpthread-2.19.so
7f84c793d000-7f84c793e000 r--p 00018000 fd:01 1046461                    /lib/x86_64-linux-gnu/libpthread-2.19.so
7f84c793e000-7f84c793f000 rw-p 00019000 fd:01 1046461                    /lib/x86_64-linux-gnu/libpthread-2.19.so
7f84c793f000-7f84c7943000 rw-p 00000000 00:00 0 
7f84c7943000-7f84c7946000 r-xp 00000000 fd:01 1046452                    /lib/x86_64-linux-gnu/libdl-2.19.so
7f84c7946000-7f84c7b45000 ---p 00003000 fd:01 1046452                    /lib/x86_64-linux-gnu/libdl-2.19.so
7f84c7b45000-7f84c7b46000 r--p 00002000 fd:01 1046452                    /lib/x86_64-linux-gnu/libdl-2.19.so
7f84c7b46000-7f84c7b47000 rw-p 00003000 fd:01 1046452                    /lib/x86_64-linux-gnu/libdl-2.19.so
7f84c7b47000-7f84c7d01000 r-xp 00000000 fd:01 1046470                    /lib/x86_64-linux-gnu/libc-2.19.so
7f84c7d01000-7f84c7f01000 ---p 001ba000 fd:01 1046470                    /lib/x86_64-linux-gnu/libc-2.19.so
7f84c7f01000-7f84c7f05000 r--p 001ba000 fd:01 1046470                    /lib/x86_64-linux-gnu/libc-2.19.so
7f84c7f05000-7f84c7f07000 rw-p 001be000 fd:01 1046470                    /lib/x86_64-linux-gnu/libc-2.19.so
7f84c7f07000-7f84c7f0c000 rw-p 00000000 00:00 0 
7f84c7f0c000-7f84c7f19000 r-xp 00000000 fd:01 919723                     /usr/lib/jvm/java-7-openjdk-amd64/jre/lib/amd64/jli/libjli.so
7f84c7f19000-7f84c8118000 ---p 0000d000 fd:01 919723                     /usr/lib/jvm/java-7-openjdk-amd64/jre/lib/amd64/jli/libjli.so
7f84c8118000-7f84c8119000 r--p 0000c000 fd:01 919723                     /usr/lib/jvm/java-7-openjdk-amd64/jre/lib/amd64/jli/libjli.so
7f84c8119000-7f84c811a000 rw-p 0000d000 fd:01 919723                     /usr/lib/jvm/java-7-openjdk-amd64/jre/lib/amd64/jli/libjli.so
7f84c811a000-7f84c813d000 r-xp 00000000 fd:01 1046462                    /lib/x86_64-linux-gnu/ld-2.19.so
7f84c8141000-7f84c8142000 rw-p 00000000 00:00 0 
7f84c8142000-7f84c8146000 r--s 00050000 fd:01 919739                     /usr/lib/jvm/java-7-openjdk-amd64/jre/lib/jsse.jar
7f84c8146000-7f84c8148000 r--s 00012000 fd:01 918180                     /usr/lib/jvm/java-7-openjdk-amd64/jre/lib/ext/zipfs.jar
7f84c8148000-7f84c814b000 r--s 0000f000 fd:01 918181                     /usr/lib/jvm/java-7-openjdk-amd64/jre/lib/ext/icedtea-sound.jar
7f84c814b000-7f84c814f000 r--s 00034000 fd:01 918179                     /usr/lib/jvm/java-7-openjdk-amd64/jre/lib/ext/sunjce_provider.jar
7f84c814f000-7f84c8152000 r--s 0003d000 fd:01 918175                     /usr/lib/jvm/java-7-openjdk-amd64/jre/lib/ext/sunpkcs11.jar
7f84c8152000-7f84c8156000 r--s 00085000 fd:01 918177                     /usr/lib/jvm/java-7-openjdk-amd64/jre/lib/ext/localedata.jar
7f84c8156000-7f84c8171000 rw-p 00000000 00:00 0 
7f84c8171000-7f84c8227000 rw-p 00000000 00:00 0 
7f84c8227000-7f84c822a000 ---p 00000000 00:00 0 
7f84c822a000-7f84c832d000 rw-p 00000000 00:00 0 
7f84c832d000-7f84c832e000 r--s 00002000 fd:01 918176                     /usr/lib/jvm/java-7-openjdk-amd64/jre/lib/ext/dnsns.jar
7f84c832e000-7f84c8330000 r--s 00006000 fd:01 920255                     /usr/share/java/java-atk-wrapper.jar
7f84c8330000-7f84c8338000 rw-s 00000000 fd:01 1836730                    /tmp/hsperfdata_root/23729
7f84c8338000-7f84c8339000 rw-p 00000000 00:00 0 
7f84c8339000-7f84c833a000 ---p 00000000 00:00 0 
7f84c833a000-7f84c833c000 rw-p 00000000 00:00 0 
7f84c833c000-7f84c833d000 r--p 00022000 fd:01 1046462                    /lib/x86_64-linux-gnu/ld-2.19.so
7f84c833d000-7f84c833e000 rw-p 00023000 fd:01 1046462                    /lib/x86_64-linux-gnu/ld-2.19.so
7f84c833e000-7f84c833f000 rw-p 00000000 00:00 0 
7ffee364f000-7ffee3670000 rw-p 00000000 00:00 0                          [stack]
7ffee370d000-7ffee370f000 r--p 00000000 00:00 0                          [vvar]
7ffee370f000-7ffee3711000 r-xp 00000000 00:00 0                          [vdso]
ffffffffff600000-ffffffffff601000 r-xp 00000000 00:00 0                  [vsyscall]

VM Arguments:
java_command: RunBuildpid.jar url@pg94.cxpdwhygwwwh.us-east-1.rds.amazonaws.com uid@jona_cobb password@bboc_anoj databaseName@workhorse rocrvSqlFile@/root/qbpython/DailyCheck/src/sqlFiles/Docv/temp.sql countyTxtFilesXmlPath@/root/qbpython/DailyCheck/src/countytxtfolder/CountyTxtFiles.xml dfn_or_syscounty@syscountyname
Launcher Type: SUN_STANDARD

Environment Variables:
PATH=/root/Virtualenvs/qbpython/bin:/usr/local/sbin:/usr/local/bin:/usr/sbin:/usr/bin:/sbin:/bin:/usr/games:/usr/local/games:/opt/firefox/firefox-bin
SHELL=/bin/bash

Signal Handlers:
SIGSEGV: [libjvm.so+0x95e5a0], sa_mask[0]=0x7ffbfeff, sa_flags=0x10000004
SIGBUS: [libjvm.so+0x95e5a0], sa_mask[0]=0x7ffbfeff, sa_flags=0x10000004
SIGFPE: [libjvm.so+0x7d2170], sa_mask[0]=0x7ffbfeff, sa_flags=0x10000004
SIGPIPE: [libjvm.so+0x7d2170], sa_mask[0]=0x7ffbfeff, sa_flags=0x10000004
SIGXFSZ: [libjvm.so+0x7d2170], sa_mask[0]=0x7ffbfeff, sa_flags=0x10000004
SIGILL: [libjvm.so+0x7d2170], sa_mask[0]=0x7ffbfeff, sa_flags=0x10000004
SIGUSR1: SIG_DFL, sa_mask[0]=0x00000000, sa_flags=0x00000000
SIGUSR2: [libjvm.so+0x7d22a0], sa_mask[0]=0x00000000, sa_flags=0x10000004
SIGHUP: [libjvm.so+0x7d21f0], sa_mask[0]=0x7ffbfeff, sa_flags=0x10000004
SIGINT: [libjvm.so+0x7d21f0], sa_mask[0]=0x7ffbfeff, sa_flags=0x10000004
SIGTERM: [libjvm.so+0x7d21f0], sa_mask[0]=0x7ffbfeff, sa_flags=0x10000004
SIGQUIT: [libjvm.so+0x7d21f0], sa_mask[0]=0x7ffbfeff, sa_flags=0x10000004
SIGTRAP: SIG_DFL, sa_mask[0]=0x00000000, sa_flags=0x00000000


---------------  S Y S T E M  ---------------

OS:Ubuntu 14.04 (trusty)
uname:Linux 4.4.0-31-generic #50~14.04.1-Ubuntu SMP Wed Jul 13 01:07:32 UTC 2016 x86_64
libc:glibc 2.19 NPTL 2.19 
rlimit: STACK 8192k, CORE 0k, NPROC 7879, NOFILE 4096, AS infinity
load average:1.86 0.65 0.36

/proc/meminfo:
MemTotal:        2048580 kB
MemFree:           54788 kB
MemAvailable:          0 kB
Buffers:             300 kB
Cached:            47732 kB
SwapCached:            0 kB
Active:          1835984 kB
Inactive:          46364 kB
Active(anon):    1834852 kB
Inactive(anon):    44856 kB
Active(file):       1132 kB
Inactive(file):     1508 kB
Unevictable:           0 kB
Mlocked:               0 kB
SwapTotal:             0 kB
SwapFree:              0 kB
Dirty:                 0 kB
Writeback:             0 kB
AnonPages:       1834548 kB
Mapped:            46876 kB
Shmem:             45160 kB
Slab:              54060 kB
SReclaimable:      23060 kB
SUnreclaim:        31000 kB
KernelStack:        6736 kB
PageTables:        30840 kB
NFS_Unstable:          0 kB
Bounce:                0 kB
WritebackTmp:          0 kB
CommitLimit:     1024288 kB
Committed_AS:    6205148 kB
VmallocTotal:   34359738367 kB
VmallocUsed:           0 kB
VmallocChunk:          0 kB
HardwareCorrupted:     0 kB
AnonHugePages:    643072 kB
CmaTotal:              0 kB
CmaFree:               0 kB
HugePages_Total:       0
HugePages_Free:        0
HugePages_Rsvd:        0
HugePages_Surp:        0
Hugepagesize:       2048 kB
DirectMap4k:      147448 kB
DirectMap2M:     1949696 kB
DirectMap1G:           0 kB


CPU:total 2 (1 cores per cpu, 1 threads per core) family 6 model 45 stepping 7, cmov, cx8, fxsr, mmx, sse, sse2, sse3, ssse3, sse4.1, sse4.2, popcnt, avx, aes, tsc

/proc/cpuinfo:
processor	: 0
vendor_id	: GenuineIntel
cpu family	: 6
model		: 45
model name	: Intel(R) Xeon(R) CPU E5-2630L 0 @ 2.00GHz
stepping	: 7
microcode	: 0x1
cpu MHz		: 1999.999
cache size	: 15360 KB
physical id	: 0
siblings	: 1
core id		: 0
cpu cores	: 1
apicid		: 0
initial apicid	: 0
fpu		: yes
fpu_exception	: yes
cpuid level	: 13
wp		: yes
flags		: fpu vme de pse tsc msr pae mce cx8 apic sep mtrr pge mca cmov pat pse36 clflush mmx fxsr sse sse2 ss syscall nx pdpe1gb rdtscp lm constant_tsc arch_perfmon rep_good nopl eagerfpu pni pclmulqdq vmx ssse3 cx16 pcid sse4_1 sse4_2 x2apic popcnt tsc_deadline_timer aes xsave avx hypervisor lahf_lm vnmi ept tsc_adjust xsaveopt arat
bugs		:
bogomips	: 3999.99
clflush size	: 64
cache_alignment	: 64
address sizes	: 40 bits physical, 48 bits virtual
power management:

processor	: 1
vendor_id	: GenuineIntel
cpu family	: 6
model		: 45
model name	: Intel(R) Xeon(R) CPU E5-2630L 0 @ 2.00GHz
stepping	: 7
microcode	: 0x1
cpu MHz		: 1999.999
cache size	: 15360 KB
physical id	: 1
siblings	: 1
core id		: 0
cpu cores	: 1
apicid		: 1
initial apicid	: 1
fpu		: yes
fpu_exception	: yes
cpuid level	: 13
wp		: yes
flags		: fpu vme de pse tsc msr pae mce cx8 apic sep mtrr pge mca cmov pat pse36 clflush mmx fxsr sse sse2 ss syscall nx pdpe1gb rdtscp lm constant_tsc arch_perfmon rep_good nopl eagerfpu pni pclmulqdq vmx ssse3 cx16 pcid sse4_1 sse4_2 x2apic popcnt tsc_deadline_timer aes xsave avx hypervisor lahf_lm vnmi ept tsc_adjust xsaveopt arat
bugs		:
bogomips	: 3999.99
clflush size	: 64
cache_alignment	: 64
address sizes	: 40 bits physical, 48 bits virtual
power management:



Memory: 4k page, physical 2048580k(55884k free), swap 0k(0k free)

vm_info: OpenJDK 64-Bit Server VM (24.131-b00) for linux-amd64 JRE (1.7.0_131-b00), built on May 17 2017 02:59:13 by "buildd" with gcc 4.8.4

time: Thu Nov 16 21:12:34 2017
elapsed time: 16 seconds

