#
# There is insufficient memory for the Java Runtime Environment to continue.
# Native memory allocation (malloc) failed to allocate 17825792 bytes for committing reserved memory.
# Possible reasons:
#   The system is out of physical RAM or swap space
#   In 32 bit mode, the process size limit was hit
# Possible solutions:
#   Reduce memory load on the system
#   Increase physical memory or swap space
#   Check if swap backing store is full
#   Use 64 bit Java on a 64 bit OS
#   Decrease Java heap size (-Xmx/-Xms)
#   Decrease number of Java threads
#   Decrease Java thread stack sizes (-Xss)
#   Set larger code cache with -XX:ReservedCodeCacheSize=
# This output file may be truncated or incomplete.
#
#  Out of Memory Error (os_linux.cpp:2827), pid=23612, tid=140250650232576
#
# JRE version: OpenJDK Runtime Environment (7.0_131) (build 1.7.0_131-b00)
# Java VM: OpenJDK 64-Bit Server VM (24.131-b00 mixed mode linux-amd64 compressed oops)
# Derivative: IcedTea 2.6.9
# Distribution: Ubuntu 14.04 LTS, package 7u131-2.6.9-0ubuntu0.14.04.2
# Failed to write core dump. Core dumps have been disabled. To enable core dumping, try "ulimit -c unlimited" before starting Java again
#

---------------  T H R E A D  ---------------

Current thread (0x00007f8eb00f8800):  VMThread [stack: 0x00007f8ea61fc000,0x00007f8ea62fd000] [id=23617]

Stack: [0x00007f8ea61fc000,0x00007f8ea62fd000],  sp=0x00007f8ea62fb490,  free space=1021k
Native frames: (J=compiled Java code, j=interpreted, Vv=VM code, C=native code)
V  [libjvm.so+0x95dab5]
V  [libjvm.so+0x497c14]
V  [libjvm.so+0x7d6bab]
V  [libjvm.so+0x7d156f]
V  [libjvm.so+0x84686b]
V  [libjvm.so+0x8476e0]
V  [libjvm.so+0x847dcb]
V  [libjvm.so+0x8437b8]
V  [libjvm.so+0x844028]
V  [libjvm.so+0x7f96c3]
V  [libjvm.so+0x95f4c4]
V  [libjvm.so+0x9635c7]
V  [libjvm.so+0x962088]
V  [libjvm.so+0x9624e9]
V  [libjvm.so+0x962932]
V  [libjvm.so+0x7d39a2]

VM_Operation (0x00007f8eb74988f0): ParallelGCFailedAllocation, mode: safepoint, requested by thread 0x00007f8eb000a000


---------------  P R O C E S S  ---------------

Java Threads: ( => current thread )
  0x00007f8eb012b000 JavaThread "Service Thread" daemon [_thread_blocked, id=23623, stack(0x00007f8ea58f1000,0x00007f8ea59f2000)]
  0x00007f8eb0128800 JavaThread "C2 CompilerThread1" daemon [_thread_blocked, id=23622, stack(0x00007f8ea59f2000,0x00007f8ea5af3000)]
  0x00007f8eb0125800 JavaThread "C2 CompilerThread0" daemon [_thread_blocked, id=23621, stack(0x00007f8ea5af3000,0x00007f8ea5bf4000)]
  0x00007f8eb0123800 JavaThread "Signal Dispatcher" daemon [_thread_blocked, id=23620, stack(0x00007f8ea5bf4000,0x00007f8ea5cf5000)]
  0x00007f8eb0100800 JavaThread "Finalizer" daemon [_thread_blocked, id=23619, stack(0x00007f8ea5ffa000,0x00007f8ea60fb000)]
  0x00007f8eb00fe800 JavaThread "Reference Handler" daemon [_thread_blocked, id=23618, stack(0x00007f8ea60fb000,0x00007f8ea61fc000)]
  0x00007f8eb000a000 JavaThread "main" [_thread_blocked, id=23614, stack(0x00007f8eb739b000,0x00007f8eb749c000)]

Other Threads:
=>0x00007f8eb00f8800 VMThread [stack: 0x00007f8ea61fc000,0x00007f8ea62fd000] [id=23617]
  0x00007f8eb0135800 WatcherThread [stack: 0x00007f8ea57f0000,0x00007f8ea58f1000] [id=23624]

VM state:at safepoint (normal execution)

VM Mutex/Monitor currently owned by a thread:  ([mutex/lock_event])
[0x00007f8eb0006490] Threads_lock - owner thread: 0x00007f8eb00f8800
[0x00007f8eb0006990] Heap_lock - owner thread: 0x00007f8eb000a000

Heap
 PSYoungGen      total 18432K, used 1008K [0x00000000f2200000, 0x00000000f3500000, 0x0000000100000000)
  eden space 17408K, 0% used [0x00000000f2200000,0x00000000f2200000,0x00000000f3300000)
  from space 1024K, 98% used [0x00000000f3300000,0x00000000f33fc010,0x00000000f3400000)
  to   space 1024K, 0% used [0x00000000f3400000,0x00000000f3400000,0x00000000f3500000)
 ParOldGen       total 20992K, used 7578K [0x00000000d6600000, 0x00000000d7a80000, 0x00000000f2200000)
  object space 20992K, 36% used [0x00000000d6600000,0x00000000d6d66a48,0x00000000d7a80000)
 PSPermGen       total 21504K, used 15778K [0x00000000cc000000, 0x00000000cd500000, 0x00000000d6600000)
  object space 21504K, 73% used [0x00000000cc000000,0x00000000ccf68928,0x00000000cd500000)

Card table byte_map: [0x00007f8eb4023000,0x00007f8eb41c4000] byte_map_base: 0x00007f8eb39c3000

Polling page: 0x00007f8eb74ad000

Code Cache  [0x00007f8eacdf7000, 0x00007f8ead067000, 0x00007f8eafdf7000)
 total_blobs=405 nmethods=84 adapters=274 free_code_cache=48551Kb largest_free_block=49700416

Compilation events (10 events):
Event: 5.257 Thread 0x00007f8eb0125800   81             java.util.concurrent.ConcurrentHashMap$Segment::rehash (262 bytes)
Event: 5.273 Thread 0x00007f8eb0128800   82             java.lang.reflect.Method::getReturnType (5 bytes)
Event: 5.299 Thread 0x00007f8eb0128800 nmethod 82 0x00007f8eace87050 code [0x00007f8eace87180, 0x00007f8eace871d8]
Event: 5.304 Thread 0x00007f8eb0128800   83             java.lang.reflect.Method::getName (5 bytes)
Event: 5.328 Thread 0x00007f8eb0128800 nmethod 83 0x00007f8eace8c710 code [0x00007f8eace8c840, 0x00007f8eace8c898]
Event: 5.331 Thread 0x00007f8eb0128800   84             java.lang.Class$MethodArray::removeByNameAndSignature (71 bytes)
Event: 5.386 Thread 0x00007f8eb0125800 nmethod 81 0x00007f8eace8d590 code [0x00007f8eace8d700, 0x00007f8eace8dc58]
Event: 5.434 Thread 0x00007f8eb0128800 nmethod 84 0x00007f8eace8cdd0 code [0x00007f8eace8cf40, 0x00007f8eace8d2c8]
Event: 5.502 Thread 0x00007f8eb0125800   85             java.util.concurrent.locks.AbstractOwnableSynchronizer::setExclusiveOwnerThread (6 bytes)
Event: 5.513 Thread 0x00007f8eb0125800 nmethod 85 0x00007f8eace8c4d0 code [0x00007f8eace8c600, 0x00007f8eace8c678]

GC Heap History (5 events):
Event: 1.901 GC heap before
{Heap before GC invocations=1 (full 0):
 PSYoungGen      total 9728K, used 8704K [0x00000000f2200000, 0x00000000f2c80000, 0x0000000100000000)
  eden space 8704K, 100% used [0x00000000f2200000,0x00000000f2a80000,0x00000000f2a80000)
  from space 1024K, 0% used [0x00000000f2b80000,0x00000000f2b80000,0x00000000f2c80000)
  to   space 1024K, 0% used [0x00000000f2a80000,0x00000000f2a80000,0x00000000f2b80000)
 ParOldGen       total 20992K, used 0K [0x00000000d6600000, 0x00000000d7a80000, 0x00000000f2200000)
  object space 20992K, 0% used [0x00000000d6600000,0x00000000d6600000,0x00000000d7a80000)
 PSPermGen       total 21504K, used 7416K [0x00000000cc000000, 0x00000000cd500000, 0x00000000d6600000)
  object space 21504K, 34% used [0x00000000cc000000,0x00000000cc73e3c0,0x00000000cd500000)
Event: 1.962 GC heap after
Heap after GC invocations=1 (full 0):
 PSYoungGen      total 9728K, used 992K [0x00000000f2200000, 0x00000000f3500000, 0x0000000100000000)
  eden space 8704K, 0% used [0x00000000f2200000,0x00000000f2200000,0x00000000f2a80000)
  from space 1024K, 96% used [0x00000000f2a80000,0x00000000f2b78020,0x00000000f2b80000)
  to   space 1024K, 0% used [0x00000000f3400000,0x00000000f3400000,0x00000000f3500000)
 ParOldGen       total 20992K, used 1638K [0x00000000d6600000, 0x00000000d7a80000, 0x00000000f2200000)
  object space 20992K, 7% used [0x00000000d6600000,0x00000000d6799b80,0x00000000d7a80000)
 PSPermGen       total 21504K, used 7416K [0x00000000cc000000, 0x00000000cd500000, 0x00000000d6600000)
  object space 21504K, 34% used [0x00000000cc000000,0x00000000cc73e3c0,0x00000000cd500000)
}
Event: 3.125 GC heap before
{Heap before GC invocations=2 (full 0):
 PSYoungGen      total 9728K, used 9696K [0x00000000f2200000, 0x00000000f3500000, 0x0000000100000000)
  eden space 8704K, 100% used [0x00000000f2200000,0x00000000f2a80000,0x00000000f2a80000)
  from space 1024K, 96% used [0x00000000f2a80000,0x00000000f2b78020,0x00000000f2b80000)
  to   space 1024K, 0% used [0x00000000f3400000,0x00000000f3400000,0x00000000f3500000)
 ParOldGen       total 20992K, used 1638K [0x00000000d6600000, 0x00000000d7a80000, 0x00000000f2200000)
  object space 20992K, 7% used [0x00000000d6600000,0x00000000d6799b80,0x00000000d7a80000)
 PSPermGen       total 21504K, used 11028K [0x00000000cc000000, 0x00000000cd500000, 0x00000000d6600000)
  object space 21504K, 51% used [0x00000000cc000000,0x00000000ccac50a8,0x00000000cd500000)
Event: 3.172 GC heap after
Heap after GC invocations=2 (full 0):
 PSYoungGen      total 18432K, used 1008K [0x00000000f2200000, 0x00000000f3500000, 0x0000000100000000)
  eden space 17408K, 0% used [0x00000000f2200000,0x00000000f2200000,0x00000000f3300000)
  from space 1024K, 98% used [0x00000000f3400000,0x00000000f34fc030,0x00000000f3500000)
  to   space 1024K, 0% used [0x00000000f3300000,0x00000000f3300000,0x00000000f3400000)
 ParOldGen       total 20992K, used 3680K [0x00000000d6600000, 0x00000000d7a80000, 0x00000000f2200000)
  object space 20992K, 17% used [0x00000000d6600000,0x00000000d69981e0,0x00000000d7a80000)
 PSPermGen       total 21504K, used 11028K [0x00000000cc000000, 0x00000000cd500000, 0x00000000d6600000)
  object space 21504K, 51% used [0x00000000cc000000,0x00000000ccac50a8,0x00000000cd500000)
}
Event: 5.843 GC heap before
{Heap before GC invocations=3 (full 0):
 PSYoungGen      total 18432K, used 18416K [0x00000000f2200000, 0x00000000f3500000, 0x0000000100000000)
  eden space 17408K, 100% used [0x00000000f2200000,0x00000000f3300000,0x00000000f3300000)
  from space 1024K, 98% used [0x00000000f3400000,0x00000000f34fc030,0x00000000f3500000)
  to   space 1024K, 0% used [0x00000000f3300000,0x00000000f3300000,0x00000000f3400000)
 ParOldGen       total 20992K, used 3680K [0x00000000d6600000, 0x00000000d7a80000, 0x00000000f2200000)
  object space 20992K, 17% used [0x00000000d6600000,0x00000000d69981e0,0x00000000d7a80000)
 PSPermGen       total 21504K, used 15778K [0x00000000cc000000, 0x00000000cd500000, 0x00000000d6600000)
  object space 21504K, 73% used [0x00000000cc000000,0x00000000ccf68928,0x00000000cd500000)

Deoptimization events (10 events):
Event: 0.866 Thread 0x00007f8eb000a000 Uncommon trap: reason=unstable_if action=reinterpret pc=0x00007f8eace59acc method=java.lang.String.hashCode()I @ 14
Event: 1.332 Thread 0x00007f8eb000a000 Uncommon trap: reason=unstable_if action=reinterpret pc=0x00007f8eace620a8 method=java.lang.String.indexOf([CII[CIII)I @ 3
Event: 1.852 Thread 0x00007f8eb000a000 Uncommon trap: reason=null_check action=make_not_entrant pc=0x00007f8eace6aad8 method=java.util.jar.Attributes.putValue(Ljava/lang/String;Ljava/lang/String;)Ljava/lang/String; @ 13
Event: 2.099 Thread 0x00007f8eb000a000 Uncommon trap: reason=unstable_if action=reinterpret pc=0x00007f8eace5dea4 method=java.util.Properties$LineReader.readLine()I @ 369
Event: 3.527 Thread 0x00007f8eb000a000 Uncommon trap: reason=unstable_if action=reinterpret pc=0x00007f8eace79dd4 method=java.util.HashMap.getEntry(Ljava/lang/Object;)Ljava/util/HashMap$Entry; @ 71
Event: 3.528 Thread 0x00007f8eb000a000 Uncommon trap: reason=class_check action=maybe_recompile pc=0x00007f8eace7c5b0 method=java.util.HashMap.put(Ljava/lang/Object;Ljava/lang/Object;)Ljava/lang/Object; @ 83
Event: 3.529 Thread 0x00007f8eb000a000 Uncommon trap: reason=class_check action=maybe_recompile pc=0x00007f8eace7c5b0 method=java.util.HashMap.put(Ljava/lang/Object;Ljava/lang/Object;)Ljava/lang/Object; @ 83
Event: 3.529 Thread 0x00007f8eb000a000 Uncommon trap: reason=class_check action=maybe_recompile pc=0x00007f8eace7c5b0 method=java.util.HashMap.put(Ljava/lang/Object;Ljava/lang/Object;)Ljava/lang/Object; @ 83
Event: 3.530 Thread 0x00007f8eb000a000 Uncommon trap: reason=class_check action=maybe_recompile pc=0x00007f8eace7c5b0 method=java.util.HashMap.put(Ljava/lang/Object;Ljava/lang/Object;)Ljava/lang/Object; @ 83
Event: 4.652 Thread 0x00007f8eb000a000 Uncommon trap: reason=unstable_if action=reinterpret pc=0x00007f8eace61820 method=java.lang.String.replace(CC)Ljava/lang/String; @ 26

Internal exceptions (10 events):
Event: 5.567 Thread 0x00007f8eb000a000 Threw 0x00000000f32bed40 at /build/openjdk-7-63j_i_/openjdk-7-7u131-2.6.9/build/openjdk/hotspot/src/share/vm/prims/jvm.cpp:1322
Event: 5.567 Thread 0x00007f8eb000a000 Threw 0x00000000f32c0050 at /build/openjdk-7-63j_i_/openjdk-7-7u131-2.6.9/build/openjdk/hotspot/src/share/vm/prims/jvm.cpp:1322
Event: 5.567 Thread 0x00007f8eb000a000 Threw 0x00000000f32c0618 at /build/openjdk-7-63j_i_/openjdk-7-7u131-2.6.9/build/openjdk/hotspot/src/share/vm/prims/jvm.cpp:1322
Event: 5.570 Thread 0x00007f8eb000a000 Threw 0x00000000f32c1d40 at /build/openjdk-7-63j_i_/openjdk-7-7u131-2.6.9/build/openjdk/hotspot/src/share/vm/prims/jvm.cpp:1322
Event: 5.586 Thread 0x00007f8eb000a000 Threw 0x00000000f32cbf60 at /build/openjdk-7-63j_i_/openjdk-7-7u131-2.6.9/build/openjdk/hotspot/src/share/vm/prims/jvm.cpp:1322
Event: 5.725 Thread 0x00007f8eb000a000 Threw 0x00000000f32d6870 at /build/openjdk-7-63j_i_/openjdk-7-7u131-2.6.9/build/openjdk/hotspot/src/share/vm/prims/jvm.cpp:1322
Event: 5.762 Thread 0x00007f8eb000a000 Threw 0x00000000f32dff28 at /build/openjdk-7-63j_i_/openjdk-7-7u131-2.6.9/build/openjdk/hotspot/src/share/vm/prims/jvm.cpp:1322
Event: 5.785 Thread 0x00007f8eb000a000 Threw 0x00000000f32eb830 at /build/openjdk-7-63j_i_/openjdk-7-7u131-2.6.9/build/openjdk/hotspot/src/share/vm/prims/jvm.cpp:1322
Event: 5.818 Thread 0x00007f8eb000a000 Threw 0x00000000f32f66d8 at /build/openjdk-7-63j_i_/openjdk-7-7u131-2.6.9/build/openjdk/hotspot/src/share/vm/prims/jvm.cpp:1322
Event: 5.840 Thread 0x00007f8eb000a000 Threw 0x00000000f32fc9d8 at /build/openjdk-7-63j_i_/openjdk-7-7u131-2.6.9/build/openjdk/hotspot/src/share/vm/prims/jvm.cpp:1322

Events (10 events):
Event: 5.720 loading class 0x00007f8eb021e1e0 done
Event: 5.758 loading class 0x00007f8eb021e930
Event: 5.759 loading class 0x00007f8eb021e930 done
Event: 5.781 loading class 0x00007f8eb02512a0
Event: 5.782 loading class 0x00007f8eb02512a0 done
Event: 5.817 loading class 0x00007f8eb024d730
Event: 5.817 loading class 0x00007f8eb024d730 done
Event: 5.838 loading class 0x00007f8eb021e240
Event: 5.838 loading class 0x00007f8eb021e240 done
Event: 5.842 Executing VM operation: ParallelGCFailedAllocation


Dynamic libraries:
00400000-00401000 r-xp 00000000 fd:01 919771                             /usr/lib/jvm/java-7-openjdk-amd64/jre/bin/java
00600000-00601000 r--p 00000000 fd:01 919771                             /usr/lib/jvm/java-7-openjdk-amd64/jre/bin/java
00601000-00602000 rw-p 00001000 fd:01 919771                             /usr/lib/jvm/java-7-openjdk-amd64/jre/bin/java
0110e000-0112f000 rw-p 00000000 00:00 0                                  [heap]
cc000000-cd500000 rw-p 00000000 00:00 0 
cd500000-d6600000 rw-p 00000000 00:00 0 
d6600000-d7a80000 rw-p 00000000 00:00 0 
d7a80000-f2200000 rw-p 00000000 00:00 0 
f2200000-f3500000 rw-p 00000000 00:00 0 
f4600000-100000000 rw-p 00000000 00:00 0 
7f8e78000000-7f8e78021000 rw-p 00000000 00:00 0 
7f8e78021000-7f8e7c000000 ---p 00000000 00:00 0 
7f8e80000000-7f8e80021000 rw-p 00000000 00:00 0 
7f8e80021000-7f8e84000000 ---p 00000000 00:00 0 
7f8e84000000-7f8e841e5000 rw-p 00000000 00:00 0 
7f8e841e5000-7f8e88000000 ---p 00000000 00:00 0 
7f8e8bbb0000-7f8e8bbc0000 r-xp 00000000 fd:01 919690                     /usr/lib/jvm/java-7-openjdk-amd64/jre/lib/amd64/libnio.so
7f8e8bbc0000-7f8e8bdc0000 ---p 00010000 fd:01 919690                     /usr/lib/jvm/java-7-openjdk-amd64/jre/lib/amd64/libnio.so
7f8e8bdc0000-7f8e8bdc1000 r--p 00010000 fd:01 919690                     /usr/lib/jvm/java-7-openjdk-amd64/jre/lib/amd64/libnio.so
7f8e8bdc1000-7f8e8bdc2000 rw-p 00011000 fd:01 919690                     /usr/lib/jvm/java-7-openjdk-amd64/jre/lib/amd64/libnio.so
7f8e8bdc2000-7f8e8bdff000 r-xp 00000000 fd:01 1046445                    /lib/x86_64-linux-gnu/libpcre.so.3.13.1
7f8e8bdff000-7f8e8bffe000 ---p 0003d000 fd:01 1046445                    /lib/x86_64-linux-gnu/libpcre.so.3.13.1
7f8e8bffe000-7f8e8bfff000 r--p 0003c000 fd:01 1046445                    /lib/x86_64-linux-gnu/libpcre.so.3.13.1
7f8e8bfff000-7f8e8c000000 rw-p 0003d000 fd:01 1046445                    /lib/x86_64-linux-gnu/libpcre.so.3.13.1
7f8e8c000000-7f8e8c021000 rw-p 00000000 00:00 0 
7f8e8c021000-7f8e90000000 ---p 00000000 00:00 0 
7f8e90000000-7f8e902a9000 rw-p 00000000 00:00 0 
7f8e902a9000-7f8e94000000 ---p 00000000 00:00 0 
7f8e94000000-7f8e94021000 rw-p 00000000 00:00 0 
7f8e94021000-7f8e98000000 ---p 00000000 00:00 0 
7f8e98000000-7f8e98021000 rw-p 00000000 00:00 0 
7f8e98021000-7f8e9c000000 ---p 00000000 00:00 0 
7f8e9c000000-7f8e9c021000 rw-p 00000000 00:00 0 
7f8e9c021000-7f8ea0000000 ---p 00000000 00:00 0 
7f8ea0000000-7f8ea0021000 rw-p 00000000 00:00 0 
7f8ea0021000-7f8ea4000000 ---p 00000000 00:00 0 
7f8ea4160000-7f8ea4167000 r-xp 00000000 fd:01 918286                     /usr/lib/x86_64-linux-gnu/libffi.so.6.0.1
7f8ea4167000-7f8ea4366000 ---p 00007000 fd:01 918286                     /usr/lib/x86_64-linux-gnu/libffi.so.6.0.1
7f8ea4366000-7f8ea4367000 r--p 00006000 fd:01 918286                     /usr/lib/x86_64-linux-gnu/libffi.so.6.0.1
7f8ea4367000-7f8ea4368000 rw-p 00007000 fd:01 918286                     /usr/lib/x86_64-linux-gnu/libffi.so.6.0.1
7f8ea4368000-7f8ea437f000 r-xp 00000000 fd:01 1044583                    /lib/x86_64-linux-gnu/libresolv-2.19.so
7f8ea437f000-7f8ea457f000 ---p 00017000 fd:01 1044583                    /lib/x86_64-linux-gnu/libresolv-2.19.so
7f8ea457f000-7f8ea4580000 r--p 00017000 fd:01 1044583                    /lib/x86_64-linux-gnu/libresolv-2.19.so
7f8ea4580000-7f8ea4581000 rw-p 00018000 fd:01 1044583                    /lib/x86_64-linux-gnu/libresolv-2.19.so
7f8ea4581000-7f8ea4583000 rw-p 00000000 00:00 0 
7f8ea4583000-7f8ea45a3000 r-xp 00000000 fd:01 1044503                    /lib/x86_64-linux-gnu/libselinux.so.1
7f8ea45a3000-7f8ea47a2000 ---p 00020000 fd:01 1044503                    /lib/x86_64-linux-gnu/libselinux.so.1
7f8ea47a2000-7f8ea47a3000 r--p 0001f000 fd:01 1044503                    /lib/x86_64-linux-gnu/libselinux.so.1
7f8ea47a3000-7f8ea47a4000 rw-p 00020000 fd:01 1044503                    /lib/x86_64-linux-gnu/libselinux.so.1
7f8ea47a4000-7f8ea47a6000 rw-p 00000000 00:00 0 
7f8ea47a6000-7f8ea47a9000 r-xp 00000000 fd:01 915317                     /usr/lib/x86_64-linux-gnu/libgmodule-2.0.so.0.4002.0
7f8ea47a9000-7f8ea49a8000 ---p 00003000 fd:01 915317                     /usr/lib/x86_64-linux-gnu/libgmodule-2.0.so.0.4002.0
7f8ea49a8000-7f8ea49a9000 r--p 00002000 fd:01 915317                     /usr/lib/x86_64-linux-gnu/libgmodule-2.0.so.0.4002.0
7f8ea49a9000-7f8ea49aa000 rw-p 00003000 fd:01 915317                     /usr/lib/x86_64-linux-gnu/libgmodule-2.0.so.0.4002.0
7f8ea49aa000-7f8ea4ab0000 r-xp 00000000 fd:01 1047762                    /lib/x86_64-linux-gnu/libglib-2.0.so.0.4002.0
7f8ea4ab0000-7f8ea4caf000 ---p 00106000 fd:01 1047762                    /lib/x86_64-linux-gnu/libglib-2.0.so.0.4002.0
7f8ea4caf000-7f8ea4cb0000 r--p 00105000 fd:01 1047762                    /lib/x86_64-linux-gnu/libglib-2.0.so.0.4002.0
7f8ea4cb0000-7f8ea4cb1000 rw-p 00106000 fd:01 1047762                    /lib/x86_64-linux-gnu/libglib-2.0.so.0.4002.0
7f8ea4cb1000-7f8ea4cb2000 rw-p 00000000 00:00 0 
7f8ea4cb2000-7f8ea4d01000 r-xp 00000000 fd:01 915318                     /usr/lib/x86_64-linux-gnu/libgobject-2.0.so.0.4002.0
7f8ea4d01000-7f8ea4f01000 ---p 0004f000 fd:01 915318                     /usr/lib/x86_64-linux-gnu/libgobject-2.0.so.0.4002.0
7f8ea4f01000-7f8ea4f02000 r--p 0004f000 fd:01 915318                     /usr/lib/x86_64-linux-gnu/libgobject-2.0.so.0.4002.0
7f8ea4f02000-7f8ea4f03000 rw-p 00050000 fd:01 915318                     /usr/lib/x86_64-linux-gnu/libgobject-2.0.so.0.4002.0
7f8ea4f03000-7f8ea506f000 r-xp 00000000 fd:01 915320                     /usr/lib/x86_64-linux-gnu/libgio-2.0.so.0.4002.0
7f8ea506f000-7f8ea526e000 ---p 0016c000 fd:01 915320                     /usr/lib/x86_64-linux-gnu/libgio-2.0.so.0.4002.0
7f8ea526e000-7f8ea5272000 r--p 0016b000 fd:01 915320                     /usr/lib/x86_64-linux-gnu/libgio-2.0.so.0.4002.0
7f8ea5272000-7f8ea5274000 rw-p 0016f000 fd:01 915320                     /usr/lib/x86_64-linux-gnu/libgio-2.0.so.0.4002.0
7f8ea5274000-7f8ea5276000 rw-p 00000000 00:00 0 
7f8ea5276000-7f8ea528d000 r-xp 00000000 fd:01 919717                     /usr/lib/jvm/java-7-openjdk-amd64/jre/lib/amd64/libnet.so
7f8ea528d000-7f8ea548c000 ---p 00017000 fd:01 919717                     /usr/lib/jvm/java-7-openjdk-amd64/jre/lib/amd64/libnet.so
7f8ea548c000-7f8ea548d000 r--p 00016000 fd:01 919717                     /usr/lib/jvm/java-7-openjdk-amd64/jre/lib/amd64/libnet.so
7f8ea548d000-7f8ea548e000 rw-p 00017000 fd:01 919717                     /usr/lib/jvm/java-7-openjdk-amd64/jre/lib/amd64/libnet.so
7f8ea548e000-7f8ea57f0000 r--s 04cee000 fd:01 785414                     /root/qbpython/DailyCheck/src/RunBuildpid.jar
7f8ea57f0000-7f8ea57f1000 ---p 00000000 00:00 0 
7f8ea57f1000-7f8ea58f1000 rw-p 00000000 00:00 0 
7f8ea58f1000-7f8ea58f4000 ---p 00000000 00:00 0 
7f8ea58f4000-7f8ea59f2000 rw-p 00000000 00:00 0 
7f8ea59f2000-7f8ea59f5000 ---p 00000000 00:00 0 
7f8ea59f5000-7f8ea5af3000 rw-p 00000000 00:00 0 
7f8ea5af3000-7f8ea5af6000 ---p 00000000 00:00 0 
7f8ea5af6000-7f8ea5bf4000 rw-p 00000000 00:00 0 
7f8ea5bf4000-7f8ea5bf7000 ---p 00000000 00:00 0 
7f8ea5bf7000-7f8ea5cf5000 rw-p 00000000 00:00 0 
7f8ea5cf5000-7f8ea5ffa000 r--p 00000000 fd:01 914072                     /usr/lib/locale/locale-archive
7f8ea5ffa000-7f8ea5ffd000 ---p 00000000 00:00 0 
7f8ea5ffd000-7f8ea60fb000 rw-p 00000000 00:00 0 
7f8ea60fb000-7f8ea60fe000 ---p 00000000 00:00 0 
7f8ea60fe000-7f8ea61fc000 rw-p 00000000 00:00 0 
7f8ea61fc000-7f8ea61fd000 ---p 00000000 00:00 0 
7f8ea61fd000-7f8ea8000000 rw-p 00000000 00:00 0 
7f8ea8000000-7f8ea8021000 rw-p 00000000 00:00 0 
7f8ea8021000-7f8eac000000 ---p 00000000 00:00 0 
7f8eac04e000-7f8eac69e000 rw-p 00000000 00:00 0 
7f8eac69e000-7f8eac853000 r--s 01d5d000 fd:01 918207                     /usr/lib/jvm/java-7-openjdk-amd64/jre/lib/rt.jar
7f8eac853000-7f8eacac4000 rw-p 00000000 00:00 0 
7f8eacac4000-7f8eacac5000 ---p 00000000 00:00 0 
7f8eacac5000-7f8eacbc5000 rw-p 00000000 00:00 0 
7f8eacbc5000-7f8eacbc6000 ---p 00000000 00:00 0 
7f8eacbc6000-7f8eaccd1000 rw-p 00000000 00:00 0 
7f8eaccd1000-7f8eacd19000 rw-p 00000000 00:00 0 
7f8eacd19000-7f8eacd24000 rw-p 00000000 00:00 0 
7f8eacd24000-7f8eacdf7000 rw-p 00000000 00:00 0 
7f8eacdf7000-7f8ead067000 rwxp 00000000 00:00 0 
7f8ead067000-7f8eafdf7000 rw-p 00000000 00:00 0 
7f8eafdf7000-7f8eafdff000 r-xp 00000000 fd:01 919726                     /usr/lib/jvm/java-7-openjdk-amd64/jre/lib/amd64/libzip.so
7f8eafdff000-7f8eafffe000 ---p 00008000 fd:01 919726                     /usr/lib/jvm/java-7-openjdk-amd64/jre/lib/amd64/libzip.so
7f8eafffe000-7f8eaffff000 r--p 00007000 fd:01 919726                     /usr/lib/jvm/java-7-openjdk-amd64/jre/lib/amd64/libzip.so
7f8eaffff000-7f8eb0000000 rw-p 00008000 fd:01 919726                     /usr/lib/jvm/java-7-openjdk-amd64/jre/lib/amd64/libzip.so
7f8eb0000000-7f8eb055b000 rw-p 00000000 00:00 0 
7f8eb055b000-7f8eb4000000 ---p 00000000 00:00 0 
7f8eb4019000-7f8eb4023000 r--s 000ae000 fd:01 919681                     /usr/lib/jvm/java-7-openjdk-amd64/jre/lib/resources.jar
7f8eb4023000-7f8eb402e000 rw-p 00000000 00:00 0 
7f8eb402e000-7f8eb4076000 rw-p 00000000 00:00 0 
7f8eb4076000-7f8eb4081000 rw-p 00000000 00:00 0 
7f8eb4081000-7f8eb4154000 rw-p 00000000 00:00 0 
7f8eb4154000-7f8eb415e000 rw-p 00000000 00:00 0 
7f8eb415e000-7f8eb41c3000 rw-p 00000000 00:00 0 
7f8eb41c3000-7f8eb41c4000 rw-p 00000000 00:00 0 
7f8eb41c4000-7f8eb41ce000 r-xp 00000000 fd:01 1046474                    /lib/x86_64-linux-gnu/libnss_files-2.19.so
7f8eb41ce000-7f8eb43cd000 ---p 0000a000 fd:01 1046474                    /lib/x86_64-linux-gnu/libnss_files-2.19.so
7f8eb43cd000-7f8eb43ce000 r--p 00009000 fd:01 1046474                    /lib/x86_64-linux-gnu/libnss_files-2.19.so
7f8eb43ce000-7f8eb43cf000 rw-p 0000a000 fd:01 1046474                    /lib/x86_64-linux-gnu/libnss_files-2.19.so
7f8eb43cf000-7f8eb43da000 r-xp 00000000 fd:01 1046464                    /lib/x86_64-linux-gnu/libnss_nis-2.19.so
7f8eb43da000-7f8eb45d9000 ---p 0000b000 fd:01 1046464                    /lib/x86_64-linux-gnu/libnss_nis-2.19.so
7f8eb45d9000-7f8eb45da000 r--p 0000a000 fd:01 1046464                    /lib/x86_64-linux-gnu/libnss_nis-2.19.so
7f8eb45da000-7f8eb45db000 rw-p 0000b000 fd:01 1046464                    /lib/x86_64-linux-gnu/libnss_nis-2.19.so
7f8eb45db000-7f8eb45f2000 r-xp 00000000 fd:01 1046460                    /lib/x86_64-linux-gnu/libnsl-2.19.so
7f8eb45f2000-7f8eb47f1000 ---p 00017000 fd:01 1046460                    /lib/x86_64-linux-gnu/libnsl-2.19.so
7f8eb47f1000-7f8eb47f2000 r--p 00016000 fd:01 1046460                    /lib/x86_64-linux-gnu/libnsl-2.19.so
7f8eb47f2000-7f8eb47f3000 rw-p 00017000 fd:01 1046460                    /lib/x86_64-linux-gnu/libnsl-2.19.so
7f8eb47f3000-7f8eb47f5000 rw-p 00000000 00:00 0 
7f8eb47f5000-7f8eb47fe000 r-xp 00000000 fd:01 1046457                    /lib/x86_64-linux-gnu/libnss_compat-2.19.so
7f8eb47fe000-7f8eb49fd000 ---p 00009000 fd:01 1046457                    /lib/x86_64-linux-gnu/libnss_compat-2.19.so
7f8eb49fd000-7f8eb49fe000 r--p 00008000 fd:01 1046457                    /lib/x86_64-linux-gnu/libnss_compat-2.19.so
7f8eb49fe000-7f8eb49ff000 rw-p 00009000 fd:01 1046457                    /lib/x86_64-linux-gnu/libnss_compat-2.19.so
7f8eb49ff000-7f8eb4a29000 r-xp 00000000 fd:01 919699                     /usr/lib/jvm/java-7-openjdk-amd64/jre/lib/amd64/libjava.so
7f8eb4a29000-7f8eb4c29000 ---p 0002a000 fd:01 919699                     /usr/lib/jvm/java-7-openjdk-amd64/jre/lib/amd64/libjava.so
7f8eb4c29000-7f8eb4c2a000 r--p 0002a000 fd:01 919699                     /usr/lib/jvm/java-7-openjdk-amd64/jre/lib/amd64/libjava.so
7f8eb4c2a000-7f8eb4c2c000 rw-p 0002b000 fd:01 919699                     /usr/lib/jvm/java-7-openjdk-amd64/jre/lib/amd64/libjava.so
7f8eb4c2c000-7f8eb4c3c000 r-xp 00000000 fd:01 919725                     /usr/lib/jvm/java-7-openjdk-amd64/jre/lib/amd64/libverify.so
7f8eb4c3c000-7f8eb4e3b000 ---p 00010000 fd:01 919725                     /usr/lib/jvm/java-7-openjdk-amd64/jre/lib/amd64/libverify.so
7f8eb4e3b000-7f8eb4e3d000 r--p 0000f000 fd:01 919725                     /usr/lib/jvm/java-7-openjdk-amd64/jre/lib/amd64/libverify.so
7f8eb4e3d000-7f8eb4e3e000 rw-p 00011000 fd:01 919725                     /usr/lib/jvm/java-7-openjdk-amd64/jre/lib/amd64/libverify.so
7f8eb4e3e000-7f8eb4e45000 r-xp 00000000 fd:01 1046469                    /lib/x86_64-linux-gnu/librt-2.19.so
7f8eb4e45000-7f8eb5044000 ---p 00007000 fd:01 1046469                    /lib/x86_64-linux-gnu/librt-2.19.so
7f8eb5044000-7f8eb5045000 r--p 00006000 fd:01 1046469                    /lib/x86_64-linux-gnu/librt-2.19.so
7f8eb5045000-7f8eb5046000 rw-p 00007000 fd:01 1046469                    /lib/x86_64-linux-gnu/librt-2.19.so
7f8eb5046000-7f8eb505c000 r-xp 00000000 fd:01 1044501                    /lib/x86_64-linux-gnu/libgcc_s.so.1
7f8eb505c000-7f8eb525b000 ---p 00016000 fd:01 1044501                    /lib/x86_64-linux-gnu/libgcc_s.so.1
7f8eb525b000-7f8eb525c000 rw-p 00015000 fd:01 1044501                    /lib/x86_64-linux-gnu/libgcc_s.so.1
7f8eb525c000-7f8eb5361000 r-xp 00000000 fd:01 1046450                    /lib/x86_64-linux-gnu/libm-2.19.so
7f8eb5361000-7f8eb5560000 ---p 00105000 fd:01 1046450                    /lib/x86_64-linux-gnu/libm-2.19.so
7f8eb5560000-7f8eb5561000 r--p 00104000 fd:01 1046450                    /lib/x86_64-linux-gnu/libm-2.19.so
7f8eb5561000-7f8eb5562000 rw-p 00105000 fd:01 1046450                    /lib/x86_64-linux-gnu/libm-2.19.so
7f8eb5562000-7f8eb5648000 r-xp 00000000 fd:01 915519                     /usr/lib/x86_64-linux-gnu/libstdc++.so.6.0.19
7f8eb5648000-7f8eb5847000 ---p 000e6000 fd:01 915519                     /usr/lib/x86_64-linux-gnu/libstdc++.so.6.0.19
7f8eb5847000-7f8eb584f000 r--p 000e5000 fd:01 915519                     /usr/lib/x86_64-linux-gnu/libstdc++.so.6.0.19
7f8eb584f000-7f8eb5851000 rw-p 000ed000 fd:01 915519                     /usr/lib/x86_64-linux-gnu/libstdc++.so.6.0.19
7f8eb5851000-7f8eb5866000 rw-p 00000000 00:00 0 
7f8eb5866000-7f8eb6394000 r-xp 00000000 fd:01 919733                     /usr/lib/jvm/java-7-openjdk-amd64/jre/lib/amd64/server/libjvm.so
7f8eb6394000-7f8eb6594000 ---p 00b2e000 fd:01 919733                     /usr/lib/jvm/java-7-openjdk-amd64/jre/lib/amd64/server/libjvm.so
7f8eb6594000-7f8eb662e000 r--p 00b2e000 fd:01 919733                     /usr/lib/jvm/java-7-openjdk-amd64/jre/lib/amd64/server/libjvm.so
7f8eb662e000-7f8eb6651000 rw-p 00bc8000 fd:01 919733                     /usr/lib/jvm/java-7-openjdk-amd64/jre/lib/amd64/server/libjvm.so
7f8eb6651000-7f8eb6680000 rw-p 00000000 00:00 0 
7f8eb6680000-7f8eb6698000 r-xp 00000000 fd:01 1044729                    /lib/x86_64-linux-gnu/libz.so.1.2.8
7f8eb6698000-7f8eb6897000 ---p 00018000 fd:01 1044729                    /lib/x86_64-linux-gnu/libz.so.1.2.8
7f8eb6897000-7f8eb6898000 r--p 00017000 fd:01 1044729                    /lib/x86_64-linux-gnu/libz.so.1.2.8
7f8eb6898000-7f8eb6899000 rw-p 00018000 fd:01 1044729                    /lib/x86_64-linux-gnu/libz.so.1.2.8
7f8eb6899000-7f8eb68b2000 r-xp 00000000 fd:01 1046461                    /lib/x86_64-linux-gnu/libpthread-2.19.so
7f8eb68b2000-7f8eb6ab1000 ---p 00019000 fd:01 1046461                    /lib/x86_64-linux-gnu/libpthread-2.19.so
7f8eb6ab1000-7f8eb6ab2000 r--p 00018000 fd:01 1046461                    /lib/x86_64-linux-gnu/libpthread-2.19.so
7f8eb6ab2000-7f8eb6ab3000 rw-p 00019000 fd:01 1046461                    /lib/x86_64-linux-gnu/libpthread-2.19.so
7f8eb6ab3000-7f8eb6ab7000 rw-p 00000000 00:00 0 
7f8eb6ab7000-7f8eb6aba000 r-xp 00000000 fd:01 1046452                    /lib/x86_64-linux-gnu/libdl-2.19.so
7f8eb6aba000-7f8eb6cb9000 ---p 00003000 fd:01 1046452                    /lib/x86_64-linux-gnu/libdl-2.19.so
7f8eb6cb9000-7f8eb6cba000 r--p 00002000 fd:01 1046452                    /lib/x86_64-linux-gnu/libdl-2.19.so
7f8eb6cba000-7f8eb6cbb000 rw-p 00003000 fd:01 1046452                    /lib/x86_64-linux-gnu/libdl-2.19.so
7f8eb6cbb000-7f8eb6e75000 r-xp 00000000 fd:01 1046470                    /lib/x86_64-linux-gnu/libc-2.19.so
7f8eb6e75000-7f8eb7075000 ---p 001ba000 fd:01 1046470                    /lib/x86_64-linux-gnu/libc-2.19.so
7f8eb7075000-7f8eb7079000 r--p 001ba000 fd:01 1046470                    /lib/x86_64-linux-gnu/libc-2.19.so
7f8eb7079000-7f8eb707b000 rw-p 001be000 fd:01 1046470                    /lib/x86_64-linux-gnu/libc-2.19.so
7f8eb707b000-7f8eb7080000 rw-p 00000000 00:00 0 
7f8eb7080000-7f8eb708d000 r-xp 00000000 fd:01 919723                     /usr/lib/jvm/java-7-openjdk-amd64/jre/lib/amd64/jli/libjli.so
7f8eb708d000-7f8eb728c000 ---p 0000d000 fd:01 919723                     /usr/lib/jvm/java-7-openjdk-amd64/jre/lib/amd64/jli/libjli.so
7f8eb728c000-7f8eb728d000 r--p 0000c000 fd:01 919723                     /usr/lib/jvm/java-7-openjdk-amd64/jre/lib/amd64/jli/libjli.so
7f8eb728d000-7f8eb728e000 rw-p 0000d000 fd:01 919723                     /usr/lib/jvm/java-7-openjdk-amd64/jre/lib/amd64/jli/libjli.so
7f8eb728e000-7f8eb72b1000 r-xp 00000000 fd:01 1046462                    /lib/x86_64-linux-gnu/ld-2.19.so
7f8eb72b5000-7f8eb72b6000 rw-p 00000000 00:00 0 
7f8eb72b6000-7f8eb72ba000 r--s 00050000 fd:01 919739                     /usr/lib/jvm/java-7-openjdk-amd64/jre/lib/jsse.jar
7f8eb72ba000-7f8eb72bc000 r--s 00012000 fd:01 918180                     /usr/lib/jvm/java-7-openjdk-amd64/jre/lib/ext/zipfs.jar
7f8eb72bc000-7f8eb72bf000 r--s 0000f000 fd:01 918181                     /usr/lib/jvm/java-7-openjdk-amd64/jre/lib/ext/icedtea-sound.jar
7f8eb72bf000-7f8eb72c3000 r--s 00034000 fd:01 918179                     /usr/lib/jvm/java-7-openjdk-amd64/jre/lib/ext/sunjce_provider.jar
7f8eb72c3000-7f8eb72c6000 r--s 0003d000 fd:01 918175                     /usr/lib/jvm/java-7-openjdk-amd64/jre/lib/ext/sunpkcs11.jar
7f8eb72c6000-7f8eb72ca000 r--s 00085000 fd:01 918177                     /usr/lib/jvm/java-7-openjdk-amd64/jre/lib/ext/localedata.jar
7f8eb72ca000-7f8eb72e5000 rw-p 00000000 00:00 0 
7f8eb72e5000-7f8eb739b000 rw-p 00000000 00:00 0 
7f8eb739b000-7f8eb739e000 ---p 00000000 00:00 0 
7f8eb739e000-7f8eb74a1000 rw-p 00000000 00:00 0 
7f8eb74a1000-7f8eb74a2000 r--s 00002000 fd:01 918176                     /usr/lib/jvm/java-7-openjdk-amd64/jre/lib/ext/dnsns.jar
7f8eb74a2000-7f8eb74a4000 r--s 00006000 fd:01 920255                     /usr/share/java/java-atk-wrapper.jar
7f8eb74a4000-7f8eb74ac000 rw-s 00000000 fd:01 1836730                    /tmp/hsperfdata_root/23612
7f8eb74ac000-7f8eb74ad000 rw-p 00000000 00:00 0 
7f8eb74ad000-7f8eb74ae000 ---p 00000000 00:00 0 
7f8eb74ae000-7f8eb74b0000 rw-p 00000000 00:00 0 
7f8eb74b0000-7f8eb74b1000 r--p 00022000 fd:01 1046462                    /lib/x86_64-linux-gnu/ld-2.19.so
7f8eb74b1000-7f8eb74b2000 rw-p 00023000 fd:01 1046462                    /lib/x86_64-linux-gnu/ld-2.19.so
7f8eb74b2000-7f8eb74b3000 rw-p 00000000 00:00 0 
7fff3117f000-7fff311a0000 rw-p 00000000 00:00 0                          [stack]
7fff311f6000-7fff311f8000 r--p 00000000 00:00 0                          [vvar]
7fff311f8000-7fff311fa000 r-xp 00000000 00:00 0                          [vdso]
ffffffffff600000-ffffffffff601000 r-xp 00000000 00:00 0                  [vsyscall]

VM Arguments:
java_command: RunBuildpid.jar url@pg94.cxpdwhygwwwh.us-east-1.rds.amazonaws.com uid@jona_cobb password@bboc_anoj databaseName@workhorse rocrvSqlFile@/root/qbpython/DailyCheck/src/sqlFiles/Docv/temp.sql countyTxtFilesXmlPath@/root/qbpython/DailyCheck/src/countytxtfolder/CountyTxtFiles.xml dfn_or_syscounty@syscountyname
Launcher Type: SUN_STANDARD

Environment Variables:
PATH=/root/Virtualenvs/qbpython/bin:/usr/local/sbin:/usr/local/bin:/usr/sbin:/usr/bin:/sbin:/bin:/usr/games:/usr/local/games:/opt/firefox/firefox-bin
SHELL=/bin/bash

Signal Handlers:
SIGSEGV: [libjvm.so+0x95e5a0], sa_mask[0]=0x7ffbfeff, sa_flags=0x10000004
SIGBUS: [libjvm.so+0x95e5a0], sa_mask[0]=0x7ffbfeff, sa_flags=0x10000004
SIGFPE: [libjvm.so+0x7d2170], sa_mask[0]=0x7ffbfeff, sa_flags=0x10000004
SIGPIPE: [libjvm.so+0x7d2170], sa_mask[0]=0x7ffbfeff, sa_flags=0x10000004
SIGXFSZ: [libjvm.so+0x7d2170], sa_mask[0]=0x7ffbfeff, sa_flags=0x10000004
SIGILL: [libjvm.so+0x7d2170], sa_mask[0]=0x7ffbfeff, sa_flags=0x10000004
SIGUSR1: SIG_DFL, sa_mask[0]=0x00000000, sa_flags=0x00000000
SIGUSR2: [libjvm.so+0x7d22a0], sa_mask[0]=0x00000000, sa_flags=0x10000004
SIGHUP: [libjvm.so+0x7d21f0], sa_mask[0]=0x7ffbfeff, sa_flags=0x10000004
SIGINT: [libjvm.so+0x7d21f0], sa_mask[0]=0x7ffbfeff, sa_flags=0x10000004
SIGTERM: [libjvm.so+0x7d21f0], sa_mask[0]=0x7ffbfeff, sa_flags=0x10000004
SIGQUIT: [libjvm.so+0x7d21f0], sa_mask[0]=0x7ffbfeff, sa_flags=0x10000004
SIGTRAP: SIG_DFL, sa_mask[0]=0x00000000, sa_flags=0x00000000


---------------  S Y S T E M  ---------------

OS:Ubuntu 14.04 (trusty)
uname:Linux 4.4.0-31-generic #50~14.04.1-Ubuntu SMP Wed Jul 13 01:07:32 UTC 2016 x86_64
libc:glibc 2.19 NPTL 2.19 
rlimit: STACK 8192k, CORE 0k, NPROC 7879, NOFILE 4096, AS infinity
load average:0.44 0.18 0.20

/proc/meminfo:
MemTotal:        2048580 kB
MemFree:           55440 kB
MemAvailable:          0 kB
Buffers:             296 kB
Cached:            48712 kB
SwapCached:            0 kB
Active:          1834700 kB
Inactive:          46700 kB
Active(anon):    1832972 kB
Inactive(anon):    44996 kB
Active(file):       1728 kB
Inactive(file):     1704 kB
Unevictable:           0 kB
Mlocked:               0 kB
SwapTotal:             0 kB
SwapFree:              0 kB
Dirty:                 0 kB
Writeback:             0 kB
AnonPages:       1832668 kB
Mapped:            47668 kB
Shmem:             45300 kB
Slab:              54124 kB
SReclaimable:      23132 kB
SUnreclaim:        30992 kB
KernelStack:        6784 kB
PageTables:        30828 kB
NFS_Unstable:          0 kB
Bounce:                0 kB
WritebackTmp:          0 kB
CommitLimit:     1024288 kB
Committed_AS:    6211828 kB
VmallocTotal:   34359738367 kB
VmallocUsed:           0 kB
VmallocChunk:          0 kB
HardwareCorrupted:     0 kB
AnonHugePages:    643072 kB
CmaTotal:              0 kB
CmaFree:               0 kB
HugePages_Total:       0
HugePages_Free:        0
HugePages_Rsvd:        0
HugePages_Surp:        0
Hugepagesize:       2048 kB
DirectMap4k:      147448 kB
DirectMap2M:     1949696 kB
DirectMap1G:           0 kB


CPU:total 2 (1 cores per cpu, 1 threads per core) family 6 model 45 stepping 7, cmov, cx8, fxsr, mmx, sse, sse2, sse3, ssse3, sse4.1, sse4.2, popcnt, avx, aes, tsc

/proc/cpuinfo:
processor	: 0
vendor_id	: GenuineIntel
cpu family	: 6
model		: 45
model name	: Intel(R) Xeon(R) CPU E5-2630L 0 @ 2.00GHz
stepping	: 7
microcode	: 0x1
cpu MHz		: 1999.999
cache size	: 15360 KB
physical id	: 0
siblings	: 1
core id		: 0
cpu cores	: 1
apicid		: 0
initial apicid	: 0
fpu		: yes
fpu_exception	: yes
cpuid level	: 13
wp		: yes
flags		: fpu vme de pse tsc msr pae mce cx8 apic sep mtrr pge mca cmov pat pse36 clflush mmx fxsr sse sse2 ss syscall nx pdpe1gb rdtscp lm constant_tsc arch_perfmon rep_good nopl eagerfpu pni pclmulqdq vmx ssse3 cx16 pcid sse4_1 sse4_2 x2apic popcnt tsc_deadline_timer aes xsave avx hypervisor lahf_lm vnmi ept tsc_adjust xsaveopt arat
bugs		:
bogomips	: 3999.99
clflush size	: 64
cache_alignment	: 64
address sizes	: 40 bits physical, 48 bits virtual
power management:

processor	: 1
vendor_id	: GenuineIntel
cpu family	: 6
model		: 45
model name	: Intel(R) Xeon(R) CPU E5-2630L 0 @ 2.00GHz
stepping	: 7
microcode	: 0x1
cpu MHz		: 1999.999
cache size	: 15360 KB
physical id	: 1
siblings	: 1
core id		: 0
cpu cores	: 1
apicid		: 1
initial apicid	: 1
fpu		: yes
fpu_exception	: yes
cpuid level	: 13
wp		: yes
flags		: fpu vme de pse tsc msr pae mce cx8 apic sep mtrr pge mca cmov pat pse36 clflush mmx fxsr sse sse2 ss syscall nx pdpe1gb rdtscp lm constant_tsc arch_perfmon rep_good nopl eagerfpu pni pclmulqdq vmx ssse3 cx16 pcid sse4_1 sse4_2 x2apic popcnt tsc_deadline_timer aes xsave avx hypervisor lahf_lm vnmi ept tsc_adjust xsaveopt arat
bugs		:
bogomips	: 3999.99
clflush size	: 64
cache_alignment	: 64
address sizes	: 40 bits physical, 48 bits virtual
power management:



Memory: 4k page, physical 2048580k(55400k free), swap 0k(0k free)

vm_info: OpenJDK 64-Bit Server VM (24.131-b00) for linux-amd64 JRE (1.7.0_131-b00), built on May 17 2017 02:59:13 by "buildd" with gcc 4.8.4

time: Thu Nov 16 21:02:23 2017
elapsed time: 6 seconds

